2017-05-17 11:09:42,790 - root - INFO - analyze document /home/winddori/dev/TA_lite/data/msens_ob/O_745520160801162717, thread id => 2
2017-05-17 11:09:43,593 - root - INFO - analyze document /home/winddori/dev/TA_lite/data/msens_ob/O_745520160801163051, thread id => 0
2017-05-17 11:09:43,815 - root - INFO - analyze document /home/winddori/dev/TA_lite/data/msens_ob/O_745520160801164001, thread id => 2
2017-05-17 11:09:43,973 - root - INFO - analyze document /home/winddori/dev/TA_lite/data/msens_ob/O_745520160801164917, thread id => 3
2017-05-17 11:09:44,040 - root - INFO - analyze document /home/winddori/dev/TA_lite/data/msens_ob/O_745520160801171030, thread id => 1
2017-05-17 11:09:45,227 - root - INFO - analyze document /home/winddori/dev/TA_lite/data/msens_ob/O_745520160801172035, thread id => 3
2017-05-17 11:09:45,388 - root - INFO - analyze document /home/winddori/dev/TA_lite/data/msens_ob/O_745520160801173135, thread id => 1
2017-05-17 11:09:45,431 - root - INFO - analyze document /home/winddori/dev/TA_lite/data/msens_ob/O_745520160801173616, thread id => 0
2017-05-17 11:09:45,767 - root - INFO - analyze document /home/winddori/dev/TA_lite/data/msens_ob/O_745520160801174055, thread id => 2
2017-05-17 11:09:46,347 - root - INFO - analyze document /home/winddori/dev/TA_lite/data/msens_ob/O_745520160801174636, thread id => 3
2017-05-17 11:09:46,662 - root - INFO - analyze document /home/winddori/dev/TA_lite/data/msens_ob/O_745520160801175124, thread id => 0
2017-05-17 11:09:46,801 - root - INFO - analyze document /home/winddori/dev/TA_lite/data/msens_ob/O_745520160801181420, thread id => 1
2017-05-17 11:09:47,576 - root - INFO - analyze document /home/winddori/dev/TA_lite/data/msens_ob/O_745520160801182203, thread id => 2
2017-05-17 11:09:47,764 - root - INFO - analyze document /home/winddori/dev/TA_lite/data/msens_ob/O_745520160801183504, thread id => 3
2017-05-17 11:09:48,053 - root - INFO - analyze document /home/winddori/dev/TA_lite/data/msens_ob/O_745520160801184709, thread id => 0
2017-05-17 11:09:48,494 - root - INFO - analyze document /home/winddori/dev/TA_lite/data/msens_ob/O_745520160801185050, thread id => 1
2017-05-17 11:09:48,916 - root - INFO - analyze document /home/winddori/dev/TA_lite/data/msens_ob/O_745520160801185305, thread id => 0
2017-05-17 11:09:49,018 - root - INFO - analyze document /home/winddori/dev/TA_lite/data/msens_ob/O_745520160802090429, thread id => 1
2017-05-17 11:09:49,214 - root - INFO - analyze document /home/winddori/dev/TA_lite/data/msens_ob/O_745520160802092518, thread id => 3
2017-05-17 11:09:49,634 - root - INFO - analyze document /home/winddori/dev/TA_lite/data/msens_ob/O_745520160802092942, thread id => 3
2017-05-17 11:09:49,875 - root - INFO - analyze document /home/winddori/dev/TA_lite/data/msens_ob/O_745520160802093508, thread id => 0
2017-05-17 11:09:50,034 - root - INFO - analyze document /home/winddori/dev/TA_lite/data/msens_ob/O_745520160802094319, thread id => 1
2017-05-17 11:09:50,292 - root - INFO - analyze document /home/winddori/dev/TA_lite/data/msens_ob/O_745520160802094551, thread id => 2
2017-05-17 11:09:50,310 - root - INFO - analyze document /home/winddori/dev/TA_lite/data/msens_ob/O_745520160802095445, thread id => 1
2017-05-17 11:09:50,929 - root - INFO - analyze document /home/winddori/dev/TA_lite/data/msens_ob/O_745520160802100117, thread id => 3
2017-05-17 11:09:51,225 - root - INFO - analyze document /home/winddori/dev/TA_lite/data/msens_ob/O_745520160802100315, thread id => 3
2017-05-17 11:09:51,669 - root - INFO - analyze document /home/winddori/dev/TA_lite/data/msens_ob/O_745520160802100705, thread id => 2
2017-05-17 11:09:52,027 - root - INFO - analyze document /home/winddori/dev/TA_lite/data/msens_ob/O_745520160802101127, thread id => 1
2017-05-17 11:09:52,030 - root - INFO - analyze document /home/winddori/dev/TA_lite/data/msens_ob/O_745520160802101336, thread id => 0
2017-05-17 11:09:52,533 - root - INFO - analyze document /home/winddori/dev/TA_lite/data/msens_ob/O_745520160802103120, thread id => 3
2017-05-17 11:09:52,551 - root - INFO - analyze document /home/winddori/dev/TA_lite/data/msens_ob/O_745520160802103501, thread id => 1
2017-05-17 11:09:52,725 - root - INFO - analyze document /home/winddori/dev/TA_lite/data/msens_ob/O_745520160802103909, thread id => 2
2017-05-17 11:09:53,460 - root - INFO - analyze document /home/winddori/dev/TA_lite/data/msens_ob/O_745520160802104520, thread id => 0
2017-05-17 11:09:53,588 - root - INFO - analyze document /home/winddori/dev/TA_lite/data/msens_ob/O_745520160802105635, thread id => 3
2017-05-17 11:09:54,025 - root - INFO - analyze document /home/winddori/dev/TA_lite/data/msens_ob/O_745520160802110115, thread id => 1
2017-05-17 11:09:54,058 - root - INFO - analyze document /home/winddori/dev/TA_lite/data/msens_ob/O_745520160802110450, thread id => 2
2017-05-17 11:09:54,979 - root - INFO - analyze document /home/winddori/dev/TA_lite/data/msens_ob/O_745520160802110837, thread id => 3
2017-05-17 11:09:55,034 - root - INFO - analyze document /home/winddori/dev/TA_lite/data/msens_ob/O_745520160802111417, thread id => 1
2017-05-17 11:09:55,429 - root - INFO - analyze document /home/winddori/dev/TA_lite/data/msens_ob/O_745520160802111824, thread id => 2
2017-05-17 11:09:56,415 - root - INFO - analyze document /home/winddori/dev/TA_lite/data/msens_ob/O_745520160802112331, thread id => 3
2017-05-17 11:09:56,490 - root - INFO - analyze document /home/winddori/dev/TA_lite/data/msens_ob/O_745520160802112515, thread id => 1
2017-05-17 11:09:56,653 - root - INFO - analyze document /home/winddori/dev/TA_lite/data/msens_ob/O_745520160802112706, thread id => 1
2017-05-17 11:09:56,752 - root - INFO - analyze document /home/winddori/dev/TA_lite/data/msens_ob/O_745520160802120018, thread id => 0
2017-05-17 11:09:56,872 - root - INFO - analyze document /home/winddori/dev/TA_lite/data/msens_ob/O_745520160802120451, thread id => 3
2017-05-17 11:09:56,957 - root - INFO - analyze document /home/winddori/dev/TA_lite/data/msens_ob/O_745520160802120826, thread id => 2
2017-05-17 11:09:57,870 - root - INFO - analyze document /home/winddori/dev/TA_lite/data/msens_ob/O_745520160802121649, thread id => 3
2017-05-17 11:09:58,330 - root - INFO - analyze document /home/winddori/dev/TA_lite/data/msens_ob/O_745520160802122054, thread id => 0
2017-05-17 11:09:58,339 - root - INFO - analyze document /home/winddori/dev/TA_lite/data/msens_ob/O_745520160802122539, thread id => 1
2017-05-17 11:09:58,472 - root - INFO - analyze document /home/winddori/dev/TA_lite/data/msens_ob/O_745520160802122947, thread id => 2
2017-05-17 11:09:59,259 - root - INFO - analyze document /home/winddori/dev/TA_lite/data/msens_ob/O_745520160802124051, thread id => 3
2017-05-17 11:09:59,763 - root - INFO - analyze document /home/winddori/dev/TA_lite/data/msens_ob/O_745520160802124713, thread id => 0
2017-05-17 11:09:59,824 - root - INFO - analyze document /home/winddori/dev/TA_lite/data/msens_ob/O_745520160802125151, thread id => 1
2017-05-17 11:10:00,389 - root - INFO - analyze document /home/winddori/dev/TA_lite/data/msens_ob/O_745520160803140310, thread id => 0
2017-05-17 11:10:00,546 - root - INFO - analyze document /home/winddori/dev/TA_lite/data/msens_ob/O_745520160803141220, thread id => 2
2017-05-17 11:10:01,040 - root - INFO - analyze document /home/winddori/dev/TA_lite/data/msens_ob/O_745520160803141943, thread id => 2
2017-05-17 11:10:01,159 - root - INFO - analyze document /home/winddori/dev/TA_lite/data/msens_ob/O_745520160803143350, thread id => 3
2017-05-17 11:10:01,292 - root - INFO - analyze document /home/winddori/dev/TA_lite/data/msens_ob/O_745520160803144711, thread id => 1
2017-05-17 11:10:01,324 - root - INFO - analyze document /home/winddori/dev/TA_lite/data/msens_ob/O_745520160803150236, thread id => 2
2017-05-17 11:10:01,584 - root - INFO - analyze document /home/winddori/dev/TA_lite/data/msens_ob/O_745520160803150838, thread id => 3
2017-05-17 11:10:01,914 - root - INFO - analyze document /home/winddori/dev/TA_lite/data/msens_ob/O_745520160803153908, thread id => 0
2017-05-17 11:10:02,448 - root - INFO - analyze document /home/winddori/dev/TA_lite/data/msens_ob/O_745520160803161837, thread id => 0
2017-05-17 11:10:03,246 - root - INFO - analyze document /home/winddori/dev/TA_lite/data/msens_ob/O_745520160803162142, thread id => 1
2017-05-17 11:10:03,313 - root - INFO - analyze document /home/winddori/dev/TA_lite/data/msens_ob/O_745520160803163125, thread id => 2
2017-05-17 11:10:03,426 - root - INFO - analyze document /home/winddori/dev/TA_lite/data/msens_ob/O_745520160803163541, thread id => 0
2017-05-17 11:10:03,530 - root - INFO - analyze document /home/winddori/dev/TA_lite/data/msens_ob/O_745520160803164109, thread id => 1
2017-05-17 11:10:03,837 - root - INFO - analyze document /home/winddori/dev/TA_lite/data/msens_ob/O_745520160803165511, thread id => 3
2017-05-17 11:10:04,963 - root - INFO - analyze document /home/winddori/dev/TA_lite/data/msens_ob/O_745520160803171406, thread id => 2
2017-05-17 11:10:05,293 - root - INFO - analyze document /home/winddori/dev/TA_lite/data/msens_ob/O_745520160803172743, thread id => 0
2017-05-17 11:10:05,407 - root - INFO - analyze document /home/winddori/dev/TA_lite/data/msens_ob/O_745520160803173819, thread id => 1
2017-05-17 11:10:05,519 - root - INFO - analyze document /home/winddori/dev/TA_lite/data/msens_ob/O_745520160803175039, thread id => 3
2017-05-17 11:10:06,648 - root - INFO - analyze document /home/winddori/dev/TA_lite/data/msens_ob/O_745520160804092947, thread id => 3
2017-05-17 11:10:06,835 - root - INFO - analyze document /home/winddori/dev/TA_lite/data/msens_ob/O_745520160804093854, thread id => 2
2017-05-17 11:10:07,336 - root - INFO - analyze document /home/winddori/dev/TA_lite/data/msens_ob/O_745520160804094719, thread id => 1
2017-05-17 11:10:08,068 - root - INFO - analyze document /home/winddori/dev/TA_lite/data/msens_ob/O_745520160804095839, thread id => 0
2017-05-17 11:10:08,127 - root - INFO - analyze document /home/winddori/dev/TA_lite/data/msens_ob/O_745520160804100423, thread id => 3
2017-05-17 11:10:08,731 - root - INFO - analyze document /home/winddori/dev/TA_lite/data/msens_ob/O_745520160804101431, thread id => 2
2017-05-17 11:10:09,132 - root - INFO - analyze document /home/winddori/dev/TA_lite/data/msens_ob/O_745520160804102222, thread id => 1
2017-05-17 11:10:09,350 - root - INFO - analyze document /home/winddori/dev/TA_lite/data/msens_ob/O_745520160804102629, thread id => 0
2017-05-17 11:10:10,300 - root - INFO - analyze document /home/winddori/dev/TA_lite/data/msens_ob/O_745520160804103157, thread id => 1
2017-05-17 11:10:10,427 - root - INFO - analyze document /home/winddori/dev/TA_lite/data/msens_ob/O_745520160804103627, thread id => 2
2017-05-17 11:10:10,496 - root - INFO - analyze document /home/winddori/dev/TA_lite/data/msens_ob/O_745520160804103847, thread id => 0
2017-05-17 11:10:10,747 - root - INFO - analyze document /home/winddori/dev/TA_lite/data/msens_ob/O_745520160804110240, thread id => 3
2017-05-17 11:10:10,891 - root - INFO - analyze document /home/winddori/dev/TA_lite/data/msens_ob/O_745520160804110841, thread id => 2
2017-05-17 11:10:11,068 - root - INFO - analyze document /home/winddori/dev/TA_lite/data/msens_ob/O_745520160804111153, thread id => 0
2017-05-17 11:10:11,256 - root - INFO - analyze document /home/winddori/dev/TA_lite/data/msens_ob/O_745520160804111328, thread id => 0
2017-05-17 11:10:11,383 - root - INFO - analyze document /home/winddori/dev/TA_lite/data/msens_ob/O_745520160804111653, thread id => 1
2017-05-17 11:10:11,427 - root - INFO - analyze document /home/winddori/dev/TA_lite/data/msens_ob/O_745520160804122509, thread id => 0
2017-05-17 11:10:11,885 - root - INFO - analyze document /home/winddori/dev/TA_lite/data/msens_ob/O_745520160804123717, thread id => 2
2017-05-17 11:10:12,731 - root - INFO - analyze document /home/winddori/dev/TA_lite/data/msens_ob/O_745520160804125207, thread id => 3
2017-05-17 11:10:13,441 - root - INFO - analyze document /home/winddori/dev/TA_lite/data/msens_ob/O_745520160804125827, thread id => 0
2017-05-17 11:10:13,677 - root - INFO - analyze document /home/winddori/dev/TA_lite/data/msens_ob/O_745520160804130340, thread id => 1
2017-05-17 11:10:13,970 - root - INFO - analyze document /home/winddori/dev/TA_lite/data/msens_ob/O_745520160804130917, thread id => 3
2017-05-17 11:10:14,348 - root - INFO - analyze document /home/winddori/dev/TA_lite/data/msens_ob/O_745520160804131510, thread id => 0
2017-05-17 11:10:14,484 - root - INFO - analyze document /home/winddori/dev/TA_lite/data/msens_ob/O_745520160804133333, thread id => 1
2017-05-17 11:10:14,822 - root - INFO - analyze document /home/winddori/dev/TA_lite/data/msens_ob/O_745520160804133827, thread id => 2
2017-05-17 11:10:15,195 - root - INFO - analyze document /home/winddori/dev/TA_lite/data/msens_ob/O_745520160804134002, thread id => 2
2017-05-17 11:10:16,078 - root - INFO - analyze document /home/winddori/dev/TA_lite/data/msens_ob/O_745520160804134431, thread id => 0
2017-05-17 11:10:16,304 - root - INFO - analyze document /home/winddori/dev/TA_lite/data/msens_ob/O_745520160804135521, thread id => 1
2017-05-17 11:10:16,331 - root - INFO - analyze document /home/winddori/dev/TA_lite/data/msens_ob/O_745520160804140341, thread id => 3
2017-05-17 11:10:16,533 - root - INFO - analyze document /home/winddori/dev/TA_lite/data/msens_ob/O_745520160804140620, thread id => 2
2017-05-17 11:10:16,713 - root - INFO - analyze document /home/winddori/dev/TA_lite/data/msens_ob/O_745520160804141949, thread id => 3
2017-05-17 11:10:17,668 - root - INFO - analyze document /home/winddori/dev/TA_lite/data/msens_ob/O_745520160804143359, thread id => 1
2017-05-17 11:10:17,880 - root - INFO - analyze document /home/winddori/dev/TA_lite/data/msens_ob/O_745520160804143607, thread id => 0
2017-05-17 11:10:18,116 - root - INFO - analyze document /home/winddori/dev/TA_lite/data/msens_ob/O_745520160804143851, thread id => 1
2017-05-17 11:10:18,132 - root - INFO - analyze document /home/winddori/dev/TA_lite/data/msens_ob/O_745520160804144918, thread id => 0
2017-05-17 11:10:18,407 - root - INFO - analyze document /home/winddori/dev/TA_lite/data/msens_ob/O_745520160804150236, thread id => 0
2017-05-17 11:10:18,500 - root - INFO - analyze document /home/winddori/dev/TA_lite/data/msens_ob/O_745520160804150800, thread id => 2
2017-05-17 11:10:18,628 - root - INFO - analyze document /home/winddori/dev/TA_lite/data/msens_ob/O_745520160804151305, thread id => 3
2017-05-17 11:10:19,726 - root - INFO - analyze document /home/winddori/dev/TA_lite/data/msens_ob/O_745520160804152324, thread id => 2
2017-05-17 11:10:20,135 - root - INFO - analyze document /home/winddori/dev/TA_lite/data/msens_ob/O_745520160804152738, thread id => 0
2017-05-17 11:10:20,301 - root - INFO - analyze document /home/winddori/dev/TA_lite/data/msens_ob/O_745520160804153557, thread id => 3
2017-05-17 11:10:20,310 - root - INFO - analyze document /home/winddori/dev/TA_lite/data/msens_ob/O_745520160804154011, thread id => 1
2017-05-17 11:10:21,470 - root - INFO - analyze document /home/winddori/dev/TA_lite/data/msens_ob/O_745520160804160055, thread id => 2
2017-05-17 11:10:21,850 - root - INFO - analyze document /home/winddori/dev/TA_lite/data/msens_ob/O_745520160804160544, thread id => 0
2017-05-17 11:10:21,997 - root - INFO - analyze document /home/winddori/dev/TA_lite/data/msens_ob/O_745520160804161154, thread id => 3
2017-05-17 11:10:22,215 - root - INFO - analyze document /home/winddori/dev/TA_lite/data/msens_ob/O_745520160804161702, thread id => 1
2017-05-17 11:10:22,272 - root - INFO - analyze document /home/winddori/dev/TA_lite/data/msens_ob/O_745520160804162632, thread id => 2
2017-05-17 11:10:23,594 - root - INFO - analyze document /home/winddori/dev/TA_lite/data/msens_ob/O_745520160804163221, thread id => 3
2017-05-17 11:10:23,603 - root - INFO - analyze document /home/winddori/dev/TA_lite/data/msens_ob/O_745520160804163944, thread id => 0
2017-05-17 11:10:24,032 - root - INFO - analyze document /home/winddori/dev/TA_lite/data/msens_ob/O_745520160804164544, thread id => 1
2017-05-17 11:10:24,113 - root - INFO - analyze document /home/winddori/dev/TA_lite/data/msens_ob/O_745520160804165652, thread id => 2
2017-05-17 11:10:25,413 - root - INFO - analyze document /home/winddori/dev/TA_lite/data/msens_ob/O_745520160804170526, thread id => 0
2017-05-17 11:10:25,669 - root - INFO - analyze document /home/winddori/dev/TA_lite/data/msens_ob/O_745520160804170833, thread id => 1
2017-05-17 11:10:25,774 - root - INFO - analyze document /home/winddori/dev/TA_lite/data/msens_ob/O_745520160804171014, thread id => 0
2017-05-17 11:10:26,165 - root - INFO - analyze document /home/winddori/dev/TA_lite/data/msens_ob/O_745520160804171444, thread id => 2
2017-05-17 11:10:26,176 - root - INFO - analyze document /home/winddori/dev/TA_lite/data/msens_ob/O_745520160804172147, thread id => 3
2017-05-17 11:10:26,188 - root - INFO - analyze document /home/winddori/dev/TA_lite/data/msens_ob/O_745520160804172436, thread id => 1
2017-05-17 11:10:26,588 - root - INFO - analyze document /home/winddori/dev/TA_lite/data/msens_ob/O_745520160804173111, thread id => 3
2017-05-17 11:10:27,418 - root - INFO - analyze document /home/winddori/dev/TA_lite/data/msens_ob/O_745520160804173553, thread id => 0
2017-05-17 11:10:27,623 - root - INFO - analyze document /home/winddori/dev/TA_lite/data/msens_ob/O_745520160804174044, thread id => 3
2017-05-17 11:10:28,666 - root - INFO - analyze document /home/winddori/dev/TA_lite/data/msens_ob/O_745520160804174538, thread id => 2
2017-05-17 11:10:28,702 - root - INFO - analyze document /home/winddori/dev/TA_lite/data/msens_ob/O_745520160804174817, thread id => 1
2017-05-17 11:21:51,421 - root - WARNING - signal caught 15
2017-05-17 11:21:51,422 - root - INFO - Exit from app
2017-05-17 11:21:51,423 - root - INFO - Base processing object deinitialized
2017-05-17 11:21:51,423 - root - INFO - DS processing object deinitialized
2017-05-17 11:22:16,781 - root - INFO - Base processing object initialized
2017-05-17 11:22:16,783 - root - INFO - DS processing object initialized
2017-05-17 11:22:22,466 - root - INFO - script vectorizing success
2017-05-17 11:22:22,467 - root - INFO - Enter to app
2017-05-17 11:22:25,475 - root - INFO - analyze document /home/winddori/dev/TA_lite/data/msens_ob/O_311220160803153026, thread id => 0
2017-05-17 11:22:25,475 - root - INFO - analyze document /home/winddori/dev/TA_lite/data/msens_ob/O_313620160802101626, thread id => 2
2017-05-17 11:22:25,476 - root - INFO - analyze document /home/winddori/dev/TA_lite/data/msens_ob/O_336420160804124838, thread id => 3
2017-05-17 11:22:25,476 - root - INFO - analyze document /home/winddori/dev/TA_lite/data/msens_ob/O_335420160801105254, thread id => 1
2017-05-17 11:22:26,932 - root - INFO - analyze document /home/winddori/dev/TA_lite/data/msens_ob/O_346820160801150115, thread id => 1
2017-05-17 11:22:30,928 - root - INFO - analyze document /home/winddori/dev/TA_lite/data/msens_ob/O_391420160801134254, thread id => 0
2017-05-17 11:22:31,249 - root - INFO - analyze document /home/winddori/dev/TA_lite/data/msens_ob/O_706420160801171936, thread id => 3
2017-05-17 11:22:31,412 - root - INFO - analyze document /home/winddori/dev/TA_lite/data/msens_ob/O_715020160804171835, thread id => 2
2017-05-17 11:22:32,596 - root - INFO - analyze document /home/winddori/dev/TA_lite/data/msens_ob/O_730620160804121603, thread id => 2
2017-05-17 11:22:33,953 - root - INFO - analyze document /home/winddori/dev/TA_lite/data/msens_ob/O_732520160804111627, thread id => 1
2017-05-17 11:22:34,154 - root - INFO - analyze document /home/winddori/dev/TA_lite/data/msens_ob/O_733220160804161137, thread id => 2
2017-05-17 11:22:35,742 - root - INFO - analyze document /home/winddori/dev/TA_lite/data/msens_ob/O_734320160801170240, thread id => 1
2017-05-17 11:22:35,888 - root - INFO - analyze document /home/winddori/dev/TA_lite/data/msens_ob/O_737220160804111829, thread id => 2
2017-05-17 11:22:36,347 - root - INFO - analyze document /home/winddori/dev/TA_lite/data/msens_ob/O_741620160801162827, thread id => 0
2017-05-17 11:22:37,369 - root - INFO - analyze document /home/winddori/dev/TA_lite/data/msens_ob/O_741920160801132908, thread id => 1
2017-05-17 11:22:37,390 - root - INFO - analyze document /home/winddori/dev/TA_lite/data/msens_ob/O_743420160801100845, thread id => 2
2017-05-17 11:22:37,645 - root - INFO - analyze document /home/winddori/dev/TA_lite/data/msens_ob/O_743420160802124016, thread id => 0
2017-05-17 11:22:37,720 - root - INFO - analyze document /home/winddori/dev/TA_lite/data/msens_ob/O_743620160801165310, thread id => 3
2017-05-17 11:22:38,646 - root - INFO - analyze document /home/winddori/dev/TA_lite/data/msens_ob/O_743920160802121925, thread id => 1
2017-05-17 11:22:39,279 - root - INFO - analyze document /home/winddori/dev/TA_lite/data/msens_ob/O_744720160803155201, thread id => 0
2017-05-17 11:22:39,385 - root - INFO - analyze document /home/winddori/dev/TA_lite/data/msens_ob/O_744920160801135717, thread id => 3
2017-05-17 11:22:39,628 - root - INFO - analyze document /home/winddori/dev/TA_lite/data/msens_ob/O_745320160801141930, thread id => 2
2017-05-17 11:22:40,011 - root - INFO - analyze document /home/winddori/dev/TA_lite/data/msens_ob/O_745520160801162717, thread id => 1
2017-05-17 11:22:41,007 - root - INFO - analyze document /home/winddori/dev/TA_lite/data/msens_ob/O_745520160801163051, thread id => 1
2017-05-17 11:22:41,047 - root - INFO - analyze document /home/winddori/dev/TA_lite/data/msens_ob/O_745520160801164001, thread id => 0
2017-05-17 11:22:41,140 - root - INFO - analyze document /home/winddori/dev/TA_lite/data/msens_ob/O_745520160801164917, thread id => 2
2017-05-17 11:22:41,289 - root - INFO - analyze document /home/winddori/dev/TA_lite/data/msens_ob/O_745520160801171030, thread id => 3
2017-05-17 11:22:42,404 - root - INFO - analyze document /home/winddori/dev/TA_lite/data/msens_ob/O_745520160801172035, thread id => 2
2017-05-17 11:22:42,600 - root - INFO - analyze document /home/winddori/dev/TA_lite/data/msens_ob/O_745520160801173135, thread id => 3
2017-05-17 11:22:42,837 - root - INFO - analyze document /home/winddori/dev/TA_lite/data/msens_ob/O_745520160801173616, thread id => 0
2017-05-17 11:22:42,937 - root - INFO - analyze document /home/winddori/dev/TA_lite/data/msens_ob/O_745520160801174055, thread id => 1
2017-05-17 11:22:43,517 - root - INFO - analyze document /home/winddori/dev/TA_lite/data/msens_ob/O_745520160801174636, thread id => 2
2017-05-17 11:22:44,055 - root - INFO - analyze document /home/winddori/dev/TA_lite/data/msens_ob/O_745520160801175124, thread id => 3
2017-05-17 11:22:44,092 - root - INFO - analyze document /home/winddori/dev/TA_lite/data/msens_ob/O_745520160801181420, thread id => 0
2017-05-17 11:22:44,687 - root - INFO - analyze document /home/winddori/dev/TA_lite/data/msens_ob/O_745520160801182203, thread id => 1
2017-05-17 11:22:44,940 - root - INFO - analyze document /home/winddori/dev/TA_lite/data/msens_ob/O_745520160801183504, thread id => 2
2017-05-17 11:22:45,479 - root - INFO - analyze document /home/winddori/dev/TA_lite/data/msens_ob/O_745520160801184709, thread id => 3
2017-05-17 11:22:45,737 - root - INFO - analyze document /home/winddori/dev/TA_lite/data/msens_ob/O_745520160801185050, thread id => 0
2017-05-17 11:22:46,220 - root - INFO - analyze document /home/winddori/dev/TA_lite/data/msens_ob/O_745520160801185305, thread id => 0
2017-05-17 11:22:46,318 - root - INFO - analyze document /home/winddori/dev/TA_lite/data/msens_ob/O_745520160802090429, thread id => 2
2017-05-17 11:22:46,396 - root - INFO - analyze document /home/winddori/dev/TA_lite/data/msens_ob/O_745520160802092518, thread id => 3
2017-05-17 11:22:46,796 - root - INFO - analyze document /home/winddori/dev/TA_lite/data/msens_ob/O_745520160802092942, thread id => 3
2017-05-17 11:22:47,098 - root - INFO - analyze document /home/winddori/dev/TA_lite/data/msens_ob/O_745520160802093508, thread id => 0
2017-05-17 11:22:47,277 - root - INFO - analyze document /home/winddori/dev/TA_lite/data/msens_ob/O_745520160802094319, thread id => 2
2017-05-17 11:22:47,527 - root - INFO - analyze document /home/winddori/dev/TA_lite/data/msens_ob/O_745520160802094551, thread id => 1
2017-05-17 11:22:47,568 - root - INFO - analyze document /home/winddori/dev/TA_lite/data/msens_ob/O_745520160802095445, thread id => 2
2017-05-17 11:22:48,072 - root - INFO - analyze document /home/winddori/dev/TA_lite/data/msens_ob/O_745520160802100117, thread id => 3
2017-05-17 11:22:48,395 - root - INFO - analyze document /home/winddori/dev/TA_lite/data/msens_ob/O_745520160802100315, thread id => 3
2017-05-17 11:22:48,831 - root - INFO - analyze document /home/winddori/dev/TA_lite/data/msens_ob/O_745520160802100705, thread id => 1
2017-05-17 11:22:49,255 - root - INFO - analyze document /home/winddori/dev/TA_lite/data/msens_ob/O_745520160802101127, thread id => 0
2017-05-17 11:22:49,256 - root - INFO - analyze document /home/winddori/dev/TA_lite/data/msens_ob/O_745520160802101336, thread id => 2
2017-05-17 11:22:49,657 - root - INFO - analyze document /home/winddori/dev/TA_lite/data/msens_ob/O_745520160802103120, thread id => 3
2017-05-17 11:22:49,750 - root - INFO - analyze document /home/winddori/dev/TA_lite/data/msens_ob/O_745520160802103501, thread id => 0
2017-05-17 11:22:49,848 - root - INFO - analyze document /home/winddori/dev/TA_lite/data/msens_ob/O_745520160802103909, thread id => 1
2017-05-17 11:22:50,701 - root - INFO - analyze document /home/winddori/dev/TA_lite/data/msens_ob/O_745520160802104520, thread id => 3
2017-05-17 11:22:50,729 - root - INFO - analyze document /home/winddori/dev/TA_lite/data/msens_ob/O_745520160802105635, thread id => 2
2017-05-17 11:22:51,065 - root - INFO - analyze document /home/winddori/dev/TA_lite/data/msens_ob/O_745520160802110115, thread id => 1
2017-05-17 11:22:51,158 - root - INFO - analyze document /home/winddori/dev/TA_lite/data/msens_ob/O_745520160802110450, thread id => 0
2017-05-17 11:22:52,112 - root - INFO - analyze document /home/winddori/dev/TA_lite/data/msens_ob/O_745520160802110837, thread id => 1
2017-05-17 11:22:52,174 - root - INFO - analyze document /home/winddori/dev/TA_lite/data/msens_ob/O_745520160802111417, thread id => 2
2017-05-17 11:22:52,466 - root - INFO - analyze document /home/winddori/dev/TA_lite/data/msens_ob/O_745520160802111824, thread id => 0
2017-05-17 11:22:53,594 - root - INFO - analyze document /home/winddori/dev/TA_lite/data/msens_ob/O_745520160802112331, thread id => 1
2017-05-17 11:22:53,595 - root - INFO - analyze document /home/winddori/dev/TA_lite/data/msens_ob/O_745520160802112515, thread id => 2
2017-05-17 11:22:53,756 - root - INFO - analyze document /home/winddori/dev/TA_lite/data/msens_ob/O_745520160802112706, thread id => 2
2017-05-17 11:22:53,942 - root - INFO - analyze document /home/winddori/dev/TA_lite/data/msens_ob/O_745520160802120018, thread id => 0
2017-05-17 11:22:54,054 - root - INFO - analyze document /home/winddori/dev/TA_lite/data/msens_ob/O_745520160802120451, thread id => 1
2017-05-17 11:22:54,272 - root - INFO - analyze document /home/winddori/dev/TA_lite/data/msens_ob/O_745520160802120826, thread id => 3
2017-05-17 11:22:55,106 - root - INFO - analyze document /home/winddori/dev/TA_lite/data/msens_ob/O_745520160802121649, thread id => 1
2017-05-17 11:22:55,379 - root - INFO - analyze document /home/winddori/dev/TA_lite/data/msens_ob/O_745520160802122054, thread id => 2
2017-05-17 11:22:55,511 - root - INFO - analyze document /home/winddori/dev/TA_lite/data/msens_ob/O_745520160802122539, thread id => 0
2017-05-17 11:22:55,870 - root - INFO - analyze document /home/winddori/dev/TA_lite/data/msens_ob/O_745520160802122947, thread id => 3
2017-05-17 11:22:56,441 - root - INFO - analyze document /home/winddori/dev/TA_lite/data/msens_ob/O_745520160802124051, thread id => 1
2017-05-17 11:22:56,881 - root - INFO - analyze document /home/winddori/dev/TA_lite/data/msens_ob/O_745520160802124713, thread id => 0
2017-05-17 11:22:56,904 - root - INFO - analyze document /home/winddori/dev/TA_lite/data/msens_ob/O_745520160802125151, thread id => 2
2017-05-17 11:22:57,470 - root - INFO - analyze document /home/winddori/dev/TA_lite/data/msens_ob/O_745520160803140310, thread id => 0
2017-05-17 11:22:57,866 - root - INFO - analyze document /home/winddori/dev/TA_lite/data/msens_ob/O_745520160803141220, thread id => 3
2017-05-17 11:22:58,298 - root - INFO - analyze document /home/winddori/dev/TA_lite/data/msens_ob/O_745520160803141943, thread id => 3
2017-05-17 11:22:58,334 - root - INFO - analyze document /home/winddori/dev/TA_lite/data/msens_ob/O_745520160803143350, thread id => 1
2017-05-17 11:22:58,342 - root - INFO - analyze document /home/winddori/dev/TA_lite/data/msens_ob/O_745520160803144711, thread id => 2
2017-05-17 11:22:58,557 - root - INFO - analyze document /home/winddori/dev/TA_lite/data/msens_ob/O_745520160803150236, thread id => 3
2017-05-17 11:22:58,737 - root - INFO - analyze document /home/winddori/dev/TA_lite/data/msens_ob/O_745520160803150838, thread id => 1
2017-05-17 11:22:58,983 - root - INFO - analyze document /home/winddori/dev/TA_lite/data/msens_ob/O_745520160803153908, thread id => 0
2017-05-17 11:22:59,425 - root - INFO - analyze document /home/winddori/dev/TA_lite/data/msens_ob/O_745520160803161837, thread id => 0
2017-05-17 11:23:00,275 - root - INFO - analyze document /home/winddori/dev/TA_lite/data/msens_ob/O_745520160803162142, thread id => 2
2017-05-17 11:23:00,310 - root - INFO - analyze document /home/winddori/dev/TA_lite/data/msens_ob/O_745520160803163125, thread id => 0
2017-05-17 11:23:00,511 - root - INFO - analyze document /home/winddori/dev/TA_lite/data/msens_ob/O_745520160803163541, thread id => 3
2017-05-17 11:23:00,572 - root - INFO - analyze document /home/winddori/dev/TA_lite/data/msens_ob/O_745520160803164109, thread id => 2
2017-05-17 11:23:00,868 - root - INFO - analyze document /home/winddori/dev/TA_lite/data/msens_ob/O_745520160803165511, thread id => 1
2017-05-17 11:23:01,749 - root - INFO - analyze document /home/winddori/dev/TA_lite/data/msens_ob/O_745520160803171406, thread id => 0
2017-05-17 11:23:02,398 - root - INFO - analyze document /home/winddori/dev/TA_lite/data/msens_ob/O_745520160803172743, thread id => 2
2017-05-17 11:23:02,398 - root - INFO - analyze document /home/winddori/dev/TA_lite/data/msens_ob/O_745520160803173819, thread id => 3
2017-05-17 11:23:02,501 - root - INFO - analyze document /home/winddori/dev/TA_lite/data/msens_ob/O_745520160803175039, thread id => 1
2017-05-17 11:23:03,430 - root - INFO - analyze document /home/winddori/dev/TA_lite/data/msens_ob/O_745520160804092947, thread id => 0
2017-05-17 11:23:03,626 - root - INFO - analyze document /home/winddori/dev/TA_lite/data/msens_ob/O_745520160804093854, thread id => 1
2017-05-17 11:23:04,325 - root - INFO - analyze document /home/winddori/dev/TA_lite/data/msens_ob/O_745520160804094719, thread id => 3
2017-05-17 11:23:04,864 - root - INFO - analyze document /home/winddori/dev/TA_lite/data/msens_ob/O_745520160804095839, thread id => 0
2017-05-17 11:23:05,462 - root - INFO - analyze document /home/winddori/dev/TA_lite/data/msens_ob/O_745520160804100423, thread id => 2
2017-05-17 11:23:05,524 - root - INFO - analyze document /home/winddori/dev/TA_lite/data/msens_ob/O_745520160804101431, thread id => 1
2017-05-17 11:23:06,068 - root - INFO - analyze document /home/winddori/dev/TA_lite/data/msens_ob/O_745520160804102222, thread id => 3
2017-05-17 11:23:06,171 - root - INFO - analyze document /home/winddori/dev/TA_lite/data/msens_ob/O_745520160804102629, thread id => 0
2017-05-17 11:23:07,219 - root - INFO - analyze document /home/winddori/dev/TA_lite/data/msens_ob/O_745520160804103157, thread id => 1
2017-05-17 11:23:07,232 - root - INFO - analyze document /home/winddori/dev/TA_lite/data/msens_ob/O_745520160804103627, thread id => 3
2017-05-17 11:23:07,270 - root - INFO - analyze document /home/winddori/dev/TA_lite/data/msens_ob/O_745520160804103847, thread id => 0
2017-05-17 11:23:07,694 - root - INFO - analyze document /home/winddori/dev/TA_lite/data/msens_ob/O_745520160804110240, thread id => 3
2017-05-17 11:23:07,814 - root - INFO - analyze document /home/winddori/dev/TA_lite/data/msens_ob/O_745520160804110841, thread id => 0
2017-05-17 11:23:08,022 - root - INFO - analyze document /home/winddori/dev/TA_lite/data/msens_ob/O_745520160804111153, thread id => 2
2017-05-17 11:23:08,197 - root - INFO - analyze document /home/winddori/dev/TA_lite/data/msens_ob/O_745520160804111328, thread id => 2
2017-05-17 11:23:08,326 - root - INFO - analyze document /home/winddori/dev/TA_lite/data/msens_ob/O_745520160804111653, thread id => 2
2017-05-17 11:23:08,332 - root - INFO - analyze document /home/winddori/dev/TA_lite/data/msens_ob/O_745520160804122509, thread id => 1
2017-05-17 11:23:08,767 - root - INFO - analyze document /home/winddori/dev/TA_lite/data/msens_ob/O_745520160804123717, thread id => 0
2017-05-17 11:23:09,625 - root - INFO - analyze document /home/winddori/dev/TA_lite/data/msens_ob/O_745520160804125207, thread id => 3
2017-05-17 11:23:10,576 - root - INFO - analyze document /home/winddori/dev/TA_lite/data/msens_ob/O_745520160804125827, thread id => 2
2017-05-17 11:23:10,614 - root - INFO - analyze document /home/winddori/dev/TA_lite/data/msens_ob/O_745520160804130340, thread id => 1
2017-05-17 11:23:10,878 - root - INFO - analyze document /home/winddori/dev/TA_lite/data/msens_ob/O_745520160804130917, thread id => 3
2017-05-17 11:23:11,430 - root - INFO - analyze document /home/winddori/dev/TA_lite/data/msens_ob/O_745520160804131510, thread id => 1
2017-05-17 11:23:11,541 - root - INFO - analyze document /home/winddori/dev/TA_lite/data/msens_ob/O_745520160804133333, thread id => 2
2017-05-17 11:23:11,568 - root - INFO - analyze document /home/winddori/dev/TA_lite/data/msens_ob/O_745520160804133827, thread id => 0
2017-05-17 11:23:11,936 - root - INFO - analyze document /home/winddori/dev/TA_lite/data/msens_ob/O_745520160804134002, thread id => 0
2017-05-17 11:23:13,201 - root - INFO - analyze document /home/winddori/dev/TA_lite/data/msens_ob/O_745520160804134431, thread id => 3
2017-05-17 11:23:13,272 - root - INFO - analyze document /home/winddori/dev/TA_lite/data/msens_ob/O_745520160804135521, thread id => 0
2017-05-17 11:23:13,336 - root - INFO - analyze document /home/winddori/dev/TA_lite/data/msens_ob/O_745520160804140341, thread id => 1
2017-05-17 11:23:13,438 - root - INFO - analyze document /home/winddori/dev/TA_lite/data/msens_ob/O_745520160804140620, thread id => 2
2017-05-17 11:23:13,751 - root - INFO - analyze document /home/winddori/dev/TA_lite/data/msens_ob/O_745520160804141949, thread id => 1
2017-05-17 11:23:14,535 - root - INFO - analyze document /home/winddori/dev/TA_lite/data/msens_ob/O_745520160804143359, thread id => 0
2017-05-17 11:23:14,896 - root - INFO - analyze document /home/winddori/dev/TA_lite/data/msens_ob/O_745520160804143607, thread id => 0
2017-05-17 11:23:15,085 - root - INFO - analyze document /home/winddori/dev/TA_lite/data/msens_ob/O_745520160804143851, thread id => 0
2017-05-17 11:23:15,148 - root - INFO - analyze document /home/winddori/dev/TA_lite/data/msens_ob/O_745520160804144918, thread id => 3
2017-05-17 11:23:15,414 - root - INFO - analyze document /home/winddori/dev/TA_lite/data/msens_ob/O_745520160804150236, thread id => 2
2017-05-17 11:23:15,445 - root - INFO - analyze document /home/winddori/dev/TA_lite/data/msens_ob/O_745520160804150800, thread id => 3
2017-05-17 11:23:15,572 - root - INFO - analyze document /home/winddori/dev/TA_lite/data/msens_ob/O_745520160804151305, thread id => 1
2017-05-17 11:23:16,713 - root - INFO - analyze document /home/winddori/dev/TA_lite/data/msens_ob/O_745520160804152324, thread id => 3
2017-05-17 11:23:17,200 - root - INFO - analyze document /home/winddori/dev/TA_lite/data/msens_ob/O_745520160804152738, thread id => 0
2017-05-17 11:23:17,252 - root - INFO - analyze document /home/winddori/dev/TA_lite/data/msens_ob/O_745520160804153557, thread id => 2
2017-05-17 11:23:17,342 - root - INFO - analyze document /home/winddori/dev/TA_lite/data/msens_ob/O_745520160804154011, thread id => 1
2017-05-17 11:23:18,514 - root - INFO - analyze document /home/winddori/dev/TA_lite/data/msens_ob/O_745520160804160055, thread id => 3
2017-05-17 11:23:18,899 - root - INFO - analyze document /home/winddori/dev/TA_lite/data/msens_ob/O_745520160804160544, thread id => 0
2017-05-17 11:23:19,006 - root - INFO - analyze document /home/winddori/dev/TA_lite/data/msens_ob/O_745520160804161154, thread id => 2
2017-05-17 11:23:19,211 - root - INFO - analyze document /home/winddori/dev/TA_lite/data/msens_ob/O_745520160804161702, thread id => 1
2017-05-17 11:23:19,357 - root - INFO - analyze document /home/winddori/dev/TA_lite/data/msens_ob/O_745520160804162632, thread id => 3
2017-05-17 11:23:20,593 - root - INFO - analyze document /home/winddori/dev/TA_lite/data/msens_ob/O_745520160804163221, thread id => 2
2017-05-17 11:23:20,622 - root - INFO - analyze document /home/winddori/dev/TA_lite/data/msens_ob/O_745520160804163944, thread id => 0
2017-05-17 11:23:20,993 - root - INFO - analyze document /home/winddori/dev/TA_lite/data/msens_ob/O_745520160804164544, thread id => 1
2017-05-17 11:23:21,195 - root - INFO - analyze document /home/winddori/dev/TA_lite/data/msens_ob/O_745520160804165652, thread id => 3
2017-05-17 11:23:22,451 - root - INFO - analyze document /home/winddori/dev/TA_lite/data/msens_ob/O_745520160804170526, thread id => 0
2017-05-17 11:23:22,687 - root - INFO - analyze document /home/winddori/dev/TA_lite/data/msens_ob/O_745520160804170833, thread id => 1
2017-05-17 11:23:22,782 - root - INFO - analyze document /home/winddori/dev/TA_lite/data/msens_ob/O_745520160804171014, thread id => 0
2017-05-17 11:23:23,122 - root - INFO - analyze document /home/winddori/dev/TA_lite/data/msens_ob/O_745520160804171444, thread id => 3
2017-05-17 11:23:23,136 - root - INFO - analyze document /home/winddori/dev/TA_lite/data/msens_ob/O_745520160804172147, thread id => 2
2017-05-17 11:23:23,252 - root - INFO - analyze document /home/winddori/dev/TA_lite/data/msens_ob/O_745520160804172436, thread id => 1
2017-05-17 11:23:23,537 - root - INFO - analyze document /home/winddori/dev/TA_lite/data/msens_ob/O_745520160804173111, thread id => 2
2017-05-17 11:23:24,511 - root - INFO - analyze document /home/winddori/dev/TA_lite/data/msens_ob/O_745520160804173553, thread id => 0
2017-05-17 11:23:24,566 - root - INFO - analyze document /home/winddori/dev/TA_lite/data/msens_ob/O_745520160804174044, thread id => 2
2017-05-17 11:23:25,688 - root - INFO - analyze document /home/winddori/dev/TA_lite/data/msens_ob/O_745520160804174538, thread id => 3
2017-05-17 11:23:25,801 - root - INFO - analyze document /home/winddori/dev/TA_lite/data/msens_ob/O_745520160804174817, thread id => 1
2017-05-26 07:48:21,906 - root - INFO - Base processing object initialized
2017-05-26 07:48:21,907 - root - INFO - Base processing object deinitialized
2017-05-26 07:48:21,907 - root - INFO - DS processing object deinitialized
2017-05-26 09:28:59,953 - root - INFO - Base processing object initialized
2017-05-26 09:28:59,960 - root - INFO - DS processing object initialized
2017-05-26 09:29:00,333 - root - ERROR - exception occurred while training data set => 'ascii' codec can't encode characters in position 0-2: ordinal not in range(128)
2017-05-26 09:29:00,334 - root - INFO - Base processing object deinitialized
2017-05-26 09:29:00,334 - root - INFO - DS processing object deinitialized
2017-05-29 01:05:38,558 - root - INFO - Base processing object initialized
2017-05-29 01:05:38,560 - root - INFO - DS processing object initialized
2017-05-29 01:05:38,927 - root - ERROR - exception occurred while training data set => 'ascii' codec can't encode characters in position 0-2: ordinal not in range(128)
2017-05-29 01:05:38,928 - root - INFO - Base processing object deinitialized
2017-05-29 01:05:38,928 - root - INFO - DS processing object deinitialized
2017-05-29 01:12:15,710 - root - INFO - Base processing object initialized
2017-05-29 01:12:15,711 - root - INFO - DS processing object initialized
2017-05-29 01:12:16,330 - root - ERROR - exception occurred while training data set => 'ascii' codec can't encode characters in position 0-2: ordinal not in range(128)
2017-05-29 01:12:16,331 - root - INFO - Base processing object deinitialized
2017-05-29 01:12:16,332 - root - INFO - DS processing object deinitialized
2017-05-29 01:24:23,649 - root - INFO - Base processing object initialized
2017-05-29 01:24:23,650 - root - INFO - DS processing object initialized
2017-05-29 01:24:23,995 - root - ERROR - exception occurred while training data set => 'ascii' codec can't encode characters in position 0-2: ordinal not in range(128)
2017-05-29 01:24:23,996 - root - INFO - Base processing object deinitialized
2017-05-29 01:24:23,996 - root - INFO - DS processing object deinitialized
2017-05-29 01:24:45,745 - root - INFO - Base processing object initialized
2017-05-29 01:24:45,747 - root - INFO - DS processing object initialized
2017-05-29 01:24:46,101 - root - ERROR - exception occurred while training data set => 'ascii' codec can't encode characters in position 0-2: ordinal not in range(128)
2017-05-29 01:24:46,102 - root - INFO - Base processing object deinitialized
2017-05-29 01:24:46,102 - root - INFO - DS processing object deinitialized
2017-05-29 01:24:54,578 - root - INFO - Base processing object initialized
2017-05-29 01:24:54,580 - root - INFO - DS processing object initialized
2017-05-29 01:24:54,932 - root - ERROR - exception occurred while training data set => 'ascii' codec can't encode characters in position 0-2: ordinal not in range(128)
2017-05-29 01:24:54,934 - root - INFO - Base processing object deinitialized
2017-05-29 01:24:54,934 - root - INFO - DS processing object deinitialized
2017-05-29 01:26:51,918 - root - INFO - Base processing object initialized
2017-05-29 01:26:51,920 - root - INFO - DS processing object initialized
2017-05-29 01:26:52,266 - root - ERROR - exception occurred while training data set => 'ascii' codec can't encode characters in position 0-2: ordinal not in range(128)
2017-05-29 01:26:52,267 - root - INFO - Base processing object deinitialized
2017-05-29 01:26:52,267 - root - INFO - DS processing object deinitialized
2017-05-29 01:29:35,968 - root - INFO - Base processing object initialized
2017-05-29 01:29:35,970 - root - INFO - DS processing object initialized
2017-05-29 01:29:36,307 - root - ERROR - exception occurred while training data set => 'ascii' codec can't encode characters in position 0-2: ordinal not in range(128)
2017-05-29 01:29:36,308 - root - INFO - Base processing object deinitialized
2017-05-29 01:29:36,308 - root - INFO - DS processing object deinitialized
2017-05-29 01:42:43,786 - root - INFO - Base processing object initialized
2017-05-29 01:42:43,787 - root - INFO - DS processing object initialized
2017-05-29 01:42:49,593 - root - INFO - script vectorizing success
2017-05-29 01:42:49,594 - root - INFO - Enter to app
2017-05-29 01:43:06,484 - root - INFO - Exit from app
2017-05-29 01:43:06,486 - root - INFO - Base processing object deinitialized
2017-05-29 01:43:06,487 - root - INFO - DS processing object deinitialized
2017-05-29 01:46:50,667 - root - INFO - Base processing object initialized
2017-05-29 01:46:50,669 - root - INFO - DS processing object initialized
2017-05-29 01:46:56,628 - root - INFO - script vectorizing success
2017-05-29 01:46:56,630 - root - INFO - Enter to app
2017-05-29 01:47:01,011 - root - WARNING - signal caught 15
2017-05-29 01:47:01,012 - root - INFO - Exit from app
2017-05-29 01:47:01,014 - root - INFO - Base processing object deinitialized
2017-05-29 01:47:01,015 - root - INFO - DS processing object deinitialized
2017-05-29 01:49:51,206 - root - INFO - Base processing object initialized
2017-05-29 01:49:51,207 - root - INFO - DS processing object initialized
2017-05-29 01:49:56,936 - root - INFO - script vectorizing success
2017-05-29 01:49:56,937 - root - INFO - Enter to app
2017-05-29 01:50:06,950 - root - INFO - analyze document /srv/data/msens_ob/O_745520160804174817, thread id => 0
2017-05-29 01:52:01,432 - root - INFO - analyze document /srv/data/msens_ob/O_745520160804174044, thread id => 0
2017-05-29 01:54:43,219 - root - WARNING - signal caught 15
2017-05-29 01:54:43,220 - root - INFO - Exit from app
2017-05-29 01:54:43,221 - root - INFO - Base processing object deinitialized
2017-05-29 01:54:43,222 - root - INFO - DS processing object deinitialized
