2017-05-22 18:10:00,023 - apscheduler.executors.default - INFO - Job "App._current_timeline_jobs (trigger: cron[minute='10'], next run at: 2017-05-22 19:10:00 KST)" executed successfully
2017-05-22 19:10:00,004 - apscheduler.executors.default - INFO - Running job "App._current_timeline_jobs (trigger: cron[minute='10'], next run at: 2017-05-22 20:10:00 KST)" (scheduled at 2017-05-22 19:10:00+09:00)
2017-05-22 19:10:00,004 - root - INFO - hourly archive start
2017-05-22 19:10:00,005 - root - INFO - startdatehour=>2017052218, enddatehour=>2017052218
2017-05-22 19:10:00,023 - root - INFO - hourly archive finished
2017-05-22 19:10:00,023 - apscheduler.executors.default - INFO - Job "App._current_timeline_jobs (trigger: cron[minute='10'], next run at: 2017-05-22 20:10:00 KST)" executed successfully
2017-05-22 20:10:00,003 - apscheduler.executors.default - INFO - Running job "App._current_timeline_jobs (trigger: cron[minute='10'], next run at: 2017-05-22 21:10:00 KST)" (scheduled at 2017-05-22 20:10:00+09:00)
2017-05-22 20:10:00,004 - root - INFO - hourly archive start
2017-05-22 20:10:00,005 - root - INFO - startdatehour=>2017052219, enddatehour=>2017052219
2017-05-22 20:10:00,022 - root - INFO - hourly archive finished
2017-05-22 20:10:00,022 - apscheduler.executors.default - INFO - Job "App._current_timeline_jobs (trigger: cron[minute='10'], next run at: 2017-05-22 21:10:00 KST)" executed successfully
2017-05-22 21:10:00,003 - apscheduler.executors.default - INFO - Running job "App._current_timeline_jobs (trigger: cron[minute='10'], next run at: 2017-05-22 22:10:00 KST)" (scheduled at 2017-05-22 21:10:00+09:00)
2017-05-22 21:10:00,004 - root - INFO - hourly archive start
2017-05-22 21:10:00,005 - root - INFO - startdatehour=>2017052220, enddatehour=>2017052220
2017-05-22 21:10:00,021 - root - INFO - hourly archive finished
2017-05-22 21:10:00,021 - apscheduler.executors.default - INFO - Job "App._current_timeline_jobs (trigger: cron[minute='10'], next run at: 2017-05-22 22:10:00 KST)" executed successfully
2017-05-22 22:10:00,003 - apscheduler.executors.default - INFO - Running job "App._current_timeline_jobs (trigger: cron[minute='10'], next run at: 2017-05-22 22:10:00 KST)" (scheduled at 2017-05-22 22:10:00+09:00)
2017-05-22 22:10:00,004 - root - INFO - hourly archive start
2017-05-22 22:10:00,004 - root - INFO - startdatehour=>2017052221, enddatehour=>2017052221
2017-05-22 22:10:00,022 - root - INFO - hourly archive finished
2017-05-22 22:10:00,023 - apscheduler.executors.default - INFO - Job "App._current_timeline_jobs (trigger: cron[minute='10'], next run at: 2017-05-22 23:10:00 KST)" executed successfully
2017-05-22 23:10:00,003 - apscheduler.executors.default - INFO - Running job "App._current_timeline_jobs (trigger: cron[minute='10'], next run at: 2017-05-23 00:10:00 KST)" (scheduled at 2017-05-22 23:10:00+09:00)
2017-05-22 23:10:00,004 - root - INFO - hourly archive start
2017-05-22 23:10:00,005 - root - INFO - startdatehour=>2017052222, enddatehour=>2017052222
2017-05-22 23:10:00,024 - root - INFO - hourly archive finished
2017-05-22 23:10:00,024 - apscheduler.executors.default - INFO - Job "App._current_timeline_jobs (trigger: cron[minute='10'], next run at: 2017-05-23 00:10:00 KST)" executed successfully
2017-05-23 00:10:00,003 - apscheduler.executors.default - INFO - Running job "App._current_timeline_jobs (trigger: cron[minute='10'], next run at: 2017-05-23 01:10:00 KST)" (scheduled at 2017-05-23 00:10:00+09:00)
2017-05-23 00:10:00,005 - root - INFO - hourly archive start
2017-05-23 00:10:00,005 - root - INFO - startdatehour=>2017052223, enddatehour=>2017052223
2017-05-23 00:10:00,023 - root - INFO - hourly archive finished
2017-05-23 00:10:00,024 - apscheduler.executors.default - INFO - Job "App._current_timeline_jobs (trigger: cron[minute='10'], next run at: 2017-05-23 01:10:00 KST)" executed successfully
2017-05-23 01:00:00,004 - apscheduler.executors.default - INFO - Running job "App._past_timeline_daily_jobs (trigger: cron[hour='1', minute='0'], next run at: 2017-05-24 01:00:00 KST)" (scheduled at 2017-05-23 01:00:00+09:00)
2017-05-23 01:00:00,005 - root - INFO - daily archive start
2017-05-23 01:00:00,005 - root - INFO - startdate=>20170522, enddate=>20170522
2017-05-23 01:00:00,829 - root - INFO - daily archive finished
2017-05-23 01:00:00,829 - apscheduler.executors.default - INFO - Job "App._past_timeline_daily_jobs (trigger: cron[hour='1', minute='0'], next run at: 2017-05-24 01:00:00 KST)" executed successfully
2017-05-23 01:10:00,004 - apscheduler.executors.default - INFO - Running job "App._current_timeline_jobs (trigger: cron[minute='10'], next run at: 2017-05-23 02:10:00 KST)" (scheduled at 2017-05-23 01:10:00+09:00)
2017-05-23 01:10:00,005 - root - INFO - hourly archive start
2017-05-23 01:10:00,005 - root - INFO - startdatehour=>2017052300, enddatehour=>2017052300
2017-05-23 01:10:00,024 - root - INFO - hourly archive finished
2017-05-23 01:10:00,025 - apscheduler.executors.default - INFO - Job "App._current_timeline_jobs (trigger: cron[minute='10'], next run at: 2017-05-23 02:10:00 KST)" executed successfully
2017-05-23 02:10:00,003 - apscheduler.executors.default - INFO - Running job "App._current_timeline_jobs (trigger: cron[minute='10'], next run at: 2017-05-23 02:10:00 KST)" (scheduled at 2017-05-23 02:10:00+09:00)
2017-05-23 02:10:00,004 - root - INFO - hourly archive start
2017-05-23 02:10:00,005 - root - INFO - startdatehour=>2017052301, enddatehour=>2017052301
2017-05-23 02:10:00,024 - root - INFO - hourly archive finished
2017-05-23 02:10:00,024 - apscheduler.executors.default - INFO - Job "App._current_timeline_jobs (trigger: cron[minute='10'], next run at: 2017-05-23 03:10:00 KST)" executed successfully
2017-05-23 03:10:00,004 - apscheduler.executors.default - INFO - Running job "App._current_timeline_jobs (trigger: cron[minute='10'], next run at: 2017-05-23 04:10:00 KST)" (scheduled at 2017-05-23 03:10:00+09:00)
2017-05-23 03:10:00,004 - root - INFO - hourly archive start
2017-05-23 03:10:00,005 - root - INFO - startdatehour=>2017052302, enddatehour=>2017052302
2017-05-23 03:10:00,024 - root - INFO - hourly archive finished
2017-05-23 03:10:00,025 - apscheduler.executors.default - INFO - Job "App._current_timeline_jobs (trigger: cron[minute='10'], next run at: 2017-05-23 04:10:00 KST)" executed successfully
2017-05-23 04:10:00,003 - apscheduler.executors.default - INFO - Running job "App._current_timeline_jobs (trigger: cron[minute='10'], next run at: 2017-05-23 05:10:00 KST)" (scheduled at 2017-05-23 04:10:00+09:00)
2017-05-23 04:10:00,003 - root - INFO - hourly archive start
2017-05-23 04:10:00,004 - root - INFO - startdatehour=>2017052303, enddatehour=>2017052303
2017-05-23 04:10:00,020 - root - INFO - hourly archive finished
2017-05-23 04:10:00,021 - apscheduler.executors.default - INFO - Job "App._current_timeline_jobs (trigger: cron[minute='10'], next run at: 2017-05-23 05:10:00 KST)" executed successfully
2017-05-23 05:10:00,003 - apscheduler.executors.default - INFO - Running job "App._current_timeline_jobs (trigger: cron[minute='10'], next run at: 2017-05-23 06:10:00 KST)" (scheduled at 2017-05-23 05:10:00+09:00)
2017-05-23 05:10:00,004 - root - INFO - hourly archive start
2017-05-23 05:10:00,004 - root - INFO - startdatehour=>2017052304, enddatehour=>2017052304
2017-05-23 05:10:00,024 - root - INFO - hourly archive finished
2017-05-23 05:10:00,024 - apscheduler.executors.default - INFO - Job "App._current_timeline_jobs (trigger: cron[minute='10'], next run at: 2017-05-23 06:10:00 KST)" executed successfully
2017-05-23 06:10:00,004 - apscheduler.executors.default - INFO - Running job "App._current_timeline_jobs (trigger: cron[minute='10'], next run at: 2017-05-23 07:10:00 KST)" (scheduled at 2017-05-23 06:10:00+09:00)
2017-05-23 06:10:00,005 - root - INFO - hourly archive start
2017-05-23 06:10:00,005 - root - INFO - startdatehour=>2017052305, enddatehour=>2017052305
2017-05-23 06:10:00,024 - root - INFO - hourly archive finished
2017-05-23 06:10:00,024 - apscheduler.executors.default - INFO - Job "App._current_timeline_jobs (trigger: cron[minute='10'], next run at: 2017-05-23 07:10:00 KST)" executed successfully
2017-05-23 07:10:00,003 - apscheduler.executors.default - INFO - Running job "App._current_timeline_jobs (trigger: cron[minute='10'], next run at: 2017-05-23 08:10:00 KST)" (scheduled at 2017-05-23 07:10:00+09:00)
2017-05-23 07:10:00,004 - root - INFO - hourly archive start
2017-05-23 07:10:00,005 - root - INFO - startdatehour=>2017052306, enddatehour=>2017052306
2017-05-23 07:10:00,023 - root - INFO - hourly archive finished
2017-05-23 07:10:00,023 - apscheduler.executors.default - INFO - Job "App._current_timeline_jobs (trigger: cron[minute='10'], next run at: 2017-05-23 08:10:00 KST)" executed successfully
2017-05-23 08:10:00,003 - apscheduler.executors.default - INFO - Running job "App._current_timeline_jobs (trigger: cron[minute='10'], next run at: 2017-05-23 09:10:00 KST)" (scheduled at 2017-05-23 08:10:00+09:00)
2017-05-23 08:10:00,004 - root - INFO - hourly archive start
2017-05-23 08:10:00,004 - root - INFO - startdatehour=>2017052307, enddatehour=>2017052307
2017-05-23 08:10:00,023 - root - INFO - hourly archive finished
2017-05-23 08:10:00,023 - apscheduler.executors.default - INFO - Job "App._current_timeline_jobs (trigger: cron[minute='10'], next run at: 2017-05-23 09:10:00 KST)" executed successfully
2017-05-23 09:10:00,003 - apscheduler.executors.default - INFO - Running job "App._current_timeline_jobs (trigger: cron[minute='10'], next run at: 2017-05-23 10:10:00 KST)" (scheduled at 2017-05-23 09:10:00+09:00)
2017-05-23 09:10:00,004 - root - INFO - hourly archive start
2017-05-23 09:10:00,005 - root - INFO - startdatehour=>2017052308, enddatehour=>2017052308
2017-05-23 09:10:00,022 - root - INFO - hourly archive finished
2017-05-23 09:10:00,023 - apscheduler.executors.default - INFO - Job "App._current_timeline_jobs (trigger: cron[minute='10'], next run at: 2017-05-23 10:10:00 KST)" executed successfully
2017-05-23 10:10:00,004 - apscheduler.executors.default - INFO - Running job "App._current_timeline_jobs (trigger: cron[minute='10'], next run at: 2017-05-23 11:10:00 KST)" (scheduled at 2017-05-23 10:10:00+09:00)
2017-05-23 10:10:00,005 - root - INFO - hourly archive start
2017-05-23 10:10:00,005 - root - INFO - startdatehour=>2017052309, enddatehour=>2017052309
2017-05-23 10:10:00,023 - root - INFO - hourly archive finished
2017-05-23 10:10:00,023 - apscheduler.executors.default - INFO - Job "App._current_timeline_jobs (trigger: cron[minute='10'], next run at: 2017-05-23 11:10:00 KST)" executed successfully
2017-05-23 11:10:00,003 - apscheduler.executors.default - INFO - Running job "App._current_timeline_jobs (trigger: cron[minute='10'], next run at: 2017-05-23 12:10:00 KST)" (scheduled at 2017-05-23 11:10:00+09:00)
2017-05-23 11:10:00,003 - root - INFO - hourly archive start
2017-05-23 11:10:00,004 - root - INFO - startdatehour=>2017052310, enddatehour=>2017052310
2017-05-23 11:10:00,022 - root - INFO - hourly archive finished
2017-05-23 11:10:00,022 - apscheduler.executors.default - INFO - Job "App._current_timeline_jobs (trigger: cron[minute='10'], next run at: 2017-05-23 12:10:00 KST)" executed successfully
2017-05-23 12:10:00,004 - apscheduler.executors.default - INFO - Running job "App._current_timeline_jobs (trigger: cron[minute='10'], next run at: 2017-05-23 13:10:00 KST)" (scheduled at 2017-05-23 12:10:00+09:00)
2017-05-23 12:10:00,005 - root - INFO - hourly archive start
2017-05-23 12:10:00,006 - root - INFO - startdatehour=>2017052311, enddatehour=>2017052311
2017-05-23 12:10:00,025 - root - INFO - hourly archive finished
2017-05-23 12:10:00,026 - apscheduler.executors.default - INFO - Job "App._current_timeline_jobs (trigger: cron[minute='10'], next run at: 2017-05-23 13:10:00 KST)" executed successfully
2017-05-23 13:10:00,003 - apscheduler.executors.default - INFO - Running job "App._current_timeline_jobs (trigger: cron[minute='10'], next run at: 2017-05-23 14:10:00 KST)" (scheduled at 2017-05-23 13:10:00+09:00)
2017-05-23 13:10:00,003 - root - INFO - hourly archive start
2017-05-23 13:10:00,004 - root - INFO - startdatehour=>2017052312, enddatehour=>2017052312
2017-05-23 13:10:00,021 - root - INFO - hourly archive finished
2017-05-23 13:10:00,021 - apscheduler.executors.default - INFO - Job "App._current_timeline_jobs (trigger: cron[minute='10'], next run at: 2017-05-23 14:10:00 KST)" executed successfully
2017-05-23 14:10:00,003 - apscheduler.executors.default - INFO - Running job "App._current_timeline_jobs (trigger: cron[minute='10'], next run at: 2017-05-23 15:10:00 KST)" (scheduled at 2017-05-23 14:10:00+09:00)
2017-05-23 14:10:00,003 - root - INFO - hourly archive start
2017-05-23 14:10:00,004 - root - INFO - startdatehour=>2017052313, enddatehour=>2017052313
2017-05-23 14:10:00,022 - root - INFO - hourly archive finished
2017-05-23 14:10:00,023 - apscheduler.executors.default - INFO - Job "App._current_timeline_jobs (trigger: cron[minute='10'], next run at: 2017-05-23 15:10:00 KST)" executed successfully
2017-05-23 15:10:00,003 - apscheduler.executors.default - INFO - Running job "App._current_timeline_jobs (trigger: cron[minute='10'], next run at: 2017-05-23 16:10:00 KST)" (scheduled at 2017-05-23 15:10:00+09:00)
2017-05-23 15:10:00,003 - root - INFO - hourly archive start
2017-05-23 15:10:00,004 - root - INFO - startdatehour=>2017052314, enddatehour=>2017052314
2017-05-23 15:10:00,020 - root - INFO - hourly archive finished
2017-05-23 15:10:00,021 - apscheduler.executors.default - INFO - Job "App._current_timeline_jobs (trigger: cron[minute='10'], next run at: 2017-05-23 16:10:00 KST)" executed successfully
2017-05-23 16:10:00,003 - apscheduler.executors.default - INFO - Running job "App._current_timeline_jobs (trigger: cron[minute='10'], next run at: 2017-05-23 17:10:00 KST)" (scheduled at 2017-05-23 16:10:00+09:00)
2017-05-23 16:10:00,004 - root - INFO - hourly archive start
2017-05-23 16:10:00,004 - root - INFO - startdatehour=>2017052315, enddatehour=>2017052315
2017-05-23 16:10:00,024 - root - INFO - hourly archive finished
2017-05-23 16:10:00,024 - apscheduler.executors.default - INFO - Job "App._current_timeline_jobs (trigger: cron[minute='10'], next run at: 2017-05-23 17:10:00 KST)" executed successfully
2017-05-23 17:10:00,003 - apscheduler.executors.default - INFO - Running job "App._current_timeline_jobs (trigger: cron[minute='10'], next run at: 2017-05-23 18:10:00 KST)" (scheduled at 2017-05-23 17:10:00+09:00)
2017-05-23 17:10:00,003 - root - INFO - hourly archive start
2017-05-23 17:10:00,004 - root - INFO - startdatehour=>2017052316, enddatehour=>2017052316
2017-05-23 17:10:00,022 - root - INFO - hourly archive finished
2017-05-23 17:10:00,022 - apscheduler.executors.default - INFO - Job "App._current_timeline_jobs (trigger: cron[minute='10'], next run at: 2017-05-23 18:10:00 KST)" executed successfully
2017-05-23 18:10:00,003 - apscheduler.executors.default - INFO - Running job "App._current_timeline_jobs (trigger: cron[minute='10'], next run at: 2017-05-23 19:10:00 KST)" (scheduled at 2017-05-23 18:10:00+09:00)
2017-05-23 18:10:00,003 - root - INFO - hourly archive start
2017-05-23 18:10:00,004 - root - INFO - startdatehour=>2017052317, enddatehour=>2017052317
2017-05-23 18:10:00,021 - root - INFO - hourly archive finished
2017-05-23 18:10:00,022 - apscheduler.executors.default - INFO - Job "App._current_timeline_jobs (trigger: cron[minute='10'], next run at: 2017-05-23 19:10:00 KST)" executed successfully
2017-05-23 19:10:00,003 - apscheduler.executors.default - INFO - Running job "App._current_timeline_jobs (trigger: cron[minute='10'], next run at: 2017-05-23 20:10:00 KST)" (scheduled at 2017-05-23 19:10:00+09:00)
2017-05-23 19:10:00,004 - root - INFO - hourly archive start
2017-05-23 19:10:00,005 - root - INFO - startdatehour=>2017052318, enddatehour=>2017052318
2017-05-23 19:10:00,023 - root - INFO - hourly archive finished
2017-05-23 19:10:00,023 - apscheduler.executors.default - INFO - Job "App._current_timeline_jobs (trigger: cron[minute='10'], next run at: 2017-05-23 20:10:00 KST)" executed successfully
2017-05-23 20:10:00,003 - apscheduler.executors.default - INFO - Running job "App._current_timeline_jobs (trigger: cron[minute='10'], next run at: 2017-05-23 21:10:00 KST)" (scheduled at 2017-05-23 20:10:00+09:00)
2017-05-23 20:10:00,003 - root - INFO - hourly archive start
2017-05-23 20:10:00,004 - root - INFO - startdatehour=>2017052319, enddatehour=>2017052319
2017-05-23 20:10:00,022 - root - INFO - hourly archive finished
2017-05-23 20:10:00,023 - apscheduler.executors.default - INFO - Job "App._current_timeline_jobs (trigger: cron[minute='10'], next run at: 2017-05-23 21:10:00 KST)" executed successfully
2017-05-23 21:10:00,003 - apscheduler.executors.default - INFO - Running job "App._current_timeline_jobs (trigger: cron[minute='10'], next run at: 2017-05-23 22:10:00 KST)" (scheduled at 2017-05-23 21:10:00+09:00)
2017-05-23 21:10:00,004 - root - INFO - hourly archive start
2017-05-23 21:10:00,004 - root - INFO - startdatehour=>2017052320, enddatehour=>2017052320
2017-05-23 21:10:00,022 - root - INFO - hourly archive finished
2017-05-23 21:10:00,022 - apscheduler.executors.default - INFO - Job "App._current_timeline_jobs (trigger: cron[minute='10'], next run at: 2017-05-23 22:10:00 KST)" executed successfully
2017-05-23 22:10:00,005 - apscheduler.executors.default - INFO - Running job "App._current_timeline_jobs (trigger: cron[minute='10'], next run at: 2017-05-23 23:10:00 KST)" (scheduled at 2017-05-23 22:10:00+09:00)
2017-05-23 22:10:00,005 - root - INFO - hourly archive start
2017-05-23 22:10:00,006 - root - INFO - startdatehour=>2017052321, enddatehour=>2017052321
2017-05-23 22:10:00,025 - root - INFO - hourly archive finished
2017-05-23 22:10:00,025 - apscheduler.executors.default - INFO - Job "App._current_timeline_jobs (trigger: cron[minute='10'], next run at: 2017-05-23 23:10:00 KST)" executed successfully
2017-05-23 23:10:00,006 - apscheduler.executors.default - INFO - Running job "App._current_timeline_jobs (trigger: cron[minute='10'], next run at: 2017-05-24 00:10:00 KST)" (scheduled at 2017-05-23 23:10:00+09:00)
2017-05-23 23:10:00,006 - root - INFO - hourly archive start
2017-05-23 23:10:00,007 - root - INFO - startdatehour=>2017052322, enddatehour=>2017052322
2017-05-23 23:10:00,026 - root - INFO - hourly archive finished
2017-05-23 23:10:00,026 - apscheduler.executors.default - INFO - Job "App._current_timeline_jobs (trigger: cron[minute='10'], next run at: 2017-05-24 00:10:00 KST)" executed successfully
2017-05-24 00:10:00,006 - apscheduler.executors.default - INFO - Running job "App._current_timeline_jobs (trigger: cron[minute='10'], next run at: 2017-05-24 01:10:00 KST)" (scheduled at 2017-05-24 00:10:00+09:00)
2017-05-24 00:10:00,006 - root - INFO - hourly archive start
2017-05-24 00:10:00,007 - root - INFO - startdatehour=>2017052323, enddatehour=>2017052323
2017-05-24 00:10:00,025 - root - INFO - hourly archive finished
2017-05-24 00:10:00,025 - apscheduler.executors.default - INFO - Job "App._current_timeline_jobs (trigger: cron[minute='10'], next run at: 2017-05-24 01:10:00 KST)" executed successfully
2017-05-24 01:00:00,004 - apscheduler.executors.default - INFO - Running job "App._past_timeline_daily_jobs (trigger: cron[hour='1', minute='0'], next run at: 2017-05-25 01:00:00 KST)" (scheduled at 2017-05-24 01:00:00+09:00)
2017-05-24 01:00:00,005 - root - INFO - daily archive start
2017-05-24 01:00:00,006 - root - INFO - startdate=>20170523, enddate=>20170523
2017-05-24 01:00:01,215 - root - INFO - daily archive finished
2017-05-24 01:00:01,216 - apscheduler.executors.default - INFO - Job "App._past_timeline_daily_jobs (trigger: cron[hour='1', minute='0'], next run at: 2017-05-25 01:00:00 KST)" executed successfully
2017-05-24 01:10:00,004 - apscheduler.executors.default - INFO - Running job "App._current_timeline_jobs (trigger: cron[minute='10'], next run at: 2017-05-24 02:10:00 KST)" (scheduled at 2017-05-24 01:10:00+09:00)
2017-05-24 01:10:00,004 - root - INFO - hourly archive start
2017-05-24 01:10:00,005 - root - INFO - startdatehour=>2017052400, enddatehour=>2017052400
2017-05-24 01:10:00,024 - root - INFO - hourly archive finished
2017-05-24 01:10:00,024 - apscheduler.executors.default - INFO - Job "App._current_timeline_jobs (trigger: cron[minute='10'], next run at: 2017-05-24 02:10:00 KST)" executed successfully
2017-05-24 02:10:00,002 - apscheduler.executors.default - INFO - Running job "App._current_timeline_jobs (trigger: cron[minute='10'], next run at: 2017-05-24 02:10:00 KST)" (scheduled at 2017-05-24 02:10:00+09:00)
2017-05-24 02:10:00,003 - root - INFO - hourly archive start
2017-05-24 02:10:00,004 - root - INFO - startdatehour=>2017052401, enddatehour=>2017052401
2017-05-24 02:10:00,022 - root - INFO - hourly archive finished
2017-05-24 02:10:00,022 - apscheduler.executors.default - INFO - Job "App._current_timeline_jobs (trigger: cron[minute='10'], next run at: 2017-05-24 03:10:00 KST)" executed successfully
2017-05-24 03:10:00,004 - apscheduler.executors.default - INFO - Running job "App._current_timeline_jobs (trigger: cron[minute='10'], next run at: 2017-05-24 04:10:00 KST)" (scheduled at 2017-05-24 03:10:00+09:00)
2017-05-24 03:10:00,004 - root - INFO - hourly archive start
2017-05-24 03:10:00,005 - root - INFO - startdatehour=>2017052402, enddatehour=>2017052402
2017-05-24 03:10:00,024 - root - INFO - hourly archive finished
2017-05-24 03:10:00,024 - apscheduler.executors.default - INFO - Job "App._current_timeline_jobs (trigger: cron[minute='10'], next run at: 2017-05-24 04:10:00 KST)" executed successfully
2017-05-24 04:10:00,004 - apscheduler.executors.default - INFO - Running job "App._current_timeline_jobs (trigger: cron[minute='10'], next run at: 2017-05-24 05:10:00 KST)" (scheduled at 2017-05-24 04:10:00+09:00)
2017-05-24 04:10:00,006 - root - INFO - hourly archive start
2017-05-24 04:10:00,006 - root - INFO - startdatehour=>2017052403, enddatehour=>2017052403
2017-05-24 04:10:00,025 - root - INFO - hourly archive finished
2017-05-24 04:10:00,025 - apscheduler.executors.default - INFO - Job "App._current_timeline_jobs (trigger: cron[minute='10'], next run at: 2017-05-24 05:10:00 KST)" executed successfully
2017-05-24 05:10:00,004 - apscheduler.executors.default - INFO - Running job "App._current_timeline_jobs (trigger: cron[minute='10'], next run at: 2017-05-24 05:10:00 KST)" (scheduled at 2017-05-24 05:10:00+09:00)
2017-05-24 05:10:00,005 - root - INFO - hourly archive start
2017-05-24 05:10:00,005 - root - INFO - startdatehour=>2017052404, enddatehour=>2017052404
2017-05-24 05:10:00,025 - root - INFO - hourly archive finished
2017-05-24 05:10:00,025 - apscheduler.executors.default - INFO - Job "App._current_timeline_jobs (trigger: cron[minute='10'], next run at: 2017-05-24 06:10:00 KST)" executed successfully
2017-05-24 06:10:00,004 - apscheduler.executors.default - INFO - Running job "App._current_timeline_jobs (trigger: cron[minute='10'], next run at: 2017-05-24 07:10:00 KST)" (scheduled at 2017-05-24 06:10:00+09:00)
2017-05-24 06:10:00,005 - root - INFO - hourly archive start
2017-05-24 06:10:00,005 - root - INFO - startdatehour=>2017052405, enddatehour=>2017052405
2017-05-24 06:10:00,023 - root - INFO - hourly archive finished
2017-05-24 06:10:00,023 - apscheduler.executors.default - INFO - Job "App._current_timeline_jobs (trigger: cron[minute='10'], next run at: 2017-05-24 07:10:00 KST)" executed successfully
2017-05-24 07:10:00,003 - apscheduler.executors.default - INFO - Running job "App._current_timeline_jobs (trigger: cron[minute='10'], next run at: 2017-05-24 08:10:00 KST)" (scheduled at 2017-05-24 07:10:00+09:00)
2017-05-24 07:10:00,003 - root - INFO - hourly archive start
2017-05-24 07:10:00,004 - root - INFO - startdatehour=>2017052406, enddatehour=>2017052406
2017-05-24 07:10:00,020 - root - INFO - hourly archive finished
2017-05-24 07:10:00,020 - apscheduler.executors.default - INFO - Job "App._current_timeline_jobs (trigger: cron[minute='10'], next run at: 2017-05-24 08:10:00 KST)" executed successfully
2017-05-24 08:10:00,003 - apscheduler.executors.default - INFO - Running job "App._current_timeline_jobs (trigger: cron[minute='10'], next run at: 2017-05-24 09:10:00 KST)" (scheduled at 2017-05-24 08:10:00+09:00)
2017-05-24 08:10:00,004 - root - INFO - hourly archive start
2017-05-24 08:10:00,004 - root - INFO - startdatehour=>2017052407, enddatehour=>2017052407
2017-05-24 08:10:00,024 - root - INFO - hourly archive finished
2017-05-24 08:10:00,024 - apscheduler.executors.default - INFO - Job "App._current_timeline_jobs (trigger: cron[minute='10'], next run at: 2017-05-24 09:10:00 KST)" executed successfully
2017-05-24 09:10:00,003 - apscheduler.executors.default - INFO - Running job "App._current_timeline_jobs (trigger: cron[minute='10'], next run at: 2017-05-24 10:10:00 KST)" (scheduled at 2017-05-24 09:10:00+09:00)
2017-05-24 09:10:00,004 - root - INFO - hourly archive start
2017-05-24 09:10:00,005 - root - INFO - startdatehour=>2017052408, enddatehour=>2017052408
2017-05-24 09:10:00,024 - root - INFO - hourly archive finished
2017-05-24 09:10:00,024 - apscheduler.executors.default - INFO - Job "App._current_timeline_jobs (trigger: cron[minute='10'], next run at: 2017-05-24 10:10:00 KST)" executed successfully
2017-05-24 10:10:00,005 - apscheduler.executors.default - INFO - Running job "App._current_timeline_jobs (trigger: cron[minute='10'], next run at: 2017-05-24 11:10:00 KST)" (scheduled at 2017-05-24 10:10:00+09:00)
2017-05-24 10:10:00,005 - root - INFO - hourly archive start
2017-05-24 10:10:00,006 - root - INFO - startdatehour=>2017052409, enddatehour=>2017052409
2017-05-24 10:10:00,025 - root - INFO - hourly archive finished
2017-05-24 10:10:00,025 - apscheduler.executors.default - INFO - Job "App._current_timeline_jobs (trigger: cron[minute='10'], next run at: 2017-05-24 11:10:00 KST)" executed successfully
2017-05-24 11:10:00,004 - apscheduler.executors.default - INFO - Running job "App._current_timeline_jobs (trigger: cron[minute='10'], next run at: 2017-05-24 12:10:00 KST)" (scheduled at 2017-05-24 11:10:00+09:00)
2017-05-24 11:10:00,005 - root - INFO - hourly archive start
2017-05-24 11:10:00,005 - root - INFO - startdatehour=>2017052410, enddatehour=>2017052410
2017-05-24 11:10:00,023 - root - INFO - hourly archive finished
2017-05-24 11:10:00,023 - apscheduler.executors.default - INFO - Job "App._current_timeline_jobs (trigger: cron[minute='10'], next run at: 2017-05-24 12:10:00 KST)" executed successfully
2017-05-24 12:10:00,005 - apscheduler.executors.default - INFO - Running job "App._current_timeline_jobs (trigger: cron[minute='10'], next run at: 2017-05-24 13:10:00 KST)" (scheduled at 2017-05-24 12:10:00+09:00)
2017-05-24 12:10:00,006 - root - INFO - hourly archive start
2017-05-24 12:10:00,006 - root - INFO - startdatehour=>2017052411, enddatehour=>2017052411
2017-05-24 12:10:00,025 - root - INFO - hourly archive finished
2017-05-24 12:10:00,026 - apscheduler.executors.default - INFO - Job "App._current_timeline_jobs (trigger: cron[minute='10'], next run at: 2017-05-24 13:10:00 KST)" executed successfully
2017-05-24 13:10:00,003 - apscheduler.executors.default - INFO - Running job "App._current_timeline_jobs (trigger: cron[minute='10'], next run at: 2017-05-24 14:10:00 KST)" (scheduled at 2017-05-24 13:10:00+09:00)
2017-05-24 13:10:00,004 - root - INFO - hourly archive start
2017-05-24 13:10:00,004 - root - INFO - startdatehour=>2017052412, enddatehour=>2017052412
2017-05-24 13:10:00,022 - root - INFO - hourly archive finished
2017-05-24 13:10:00,022 - apscheduler.executors.default - INFO - Job "App._current_timeline_jobs (trigger: cron[minute='10'], next run at: 2017-05-24 14:10:00 KST)" executed successfully
2017-05-24 14:10:00,003 - apscheduler.executors.default - INFO - Running job "App._current_timeline_jobs (trigger: cron[minute='10'], next run at: 2017-05-24 15:10:00 KST)" (scheduled at 2017-05-24 14:10:00+09:00)
2017-05-24 14:10:00,003 - root - INFO - hourly archive start
2017-05-24 14:10:00,004 - root - INFO - startdatehour=>2017052413, enddatehour=>2017052413
2017-05-24 14:10:00,019 - root - INFO - hourly archive finished
2017-05-24 14:10:00,020 - apscheduler.executors.default - INFO - Job "App._current_timeline_jobs (trigger: cron[minute='10'], next run at: 2017-05-24 15:10:00 KST)" executed successfully
2017-05-24 15:10:00,002 - apscheduler.executors.default - INFO - Running job "App._current_timeline_jobs (trigger: cron[minute='10'], next run at: 2017-05-24 15:10:00 KST)" (scheduled at 2017-05-24 15:10:00+09:00)
2017-05-24 15:10:00,003 - root - INFO - hourly archive start
2017-05-24 15:10:00,003 - root - INFO - startdatehour=>2017052414, enddatehour=>2017052414
2017-05-24 15:10:00,021 - root - INFO - hourly archive finished
2017-05-24 15:10:00,021 - apscheduler.executors.default - INFO - Job "App._current_timeline_jobs (trigger: cron[minute='10'], next run at: 2017-05-24 16:10:00 KST)" executed successfully
2017-05-24 16:10:00,004 - apscheduler.executors.default - INFO - Running job "App._current_timeline_jobs (trigger: cron[minute='10'], next run at: 2017-05-24 16:10:00 KST)" (scheduled at 2017-05-24 16:10:00+09:00)
2017-05-24 16:10:00,005 - root - INFO - hourly archive start
2017-05-24 16:10:00,006 - root - INFO - startdatehour=>2017052415, enddatehour=>2017052415
2017-05-24 16:10:00,024 - root - INFO - hourly archive finished
2017-05-24 16:10:00,025 - apscheduler.executors.default - INFO - Job "App._current_timeline_jobs (trigger: cron[minute='10'], next run at: 2017-05-24 17:10:00 KST)" executed successfully
2017-05-24 17:10:00,004 - apscheduler.executors.default - INFO - Running job "App._current_timeline_jobs (trigger: cron[minute='10'], next run at: 2017-05-24 18:10:00 KST)" (scheduled at 2017-05-24 17:10:00+09:00)
2017-05-24 17:10:00,005 - root - INFO - hourly archive start
2017-05-24 17:10:00,005 - root - INFO - startdatehour=>2017052416, enddatehour=>2017052416
2017-05-24 17:10:00,023 - root - INFO - hourly archive finished
2017-05-24 17:10:00,023 - apscheduler.executors.default - INFO - Job "App._current_timeline_jobs (trigger: cron[minute='10'], next run at: 2017-05-24 18:10:00 KST)" executed successfully
2017-05-24 18:10:00,003 - apscheduler.executors.default - INFO - Running job "App._current_timeline_jobs (trigger: cron[minute='10'], next run at: 2017-05-24 19:10:00 KST)" (scheduled at 2017-05-24 18:10:00+09:00)
2017-05-24 18:10:00,003 - root - INFO - hourly archive start
2017-05-24 18:10:00,004 - root - INFO - startdatehour=>2017052417, enddatehour=>2017052417
2017-05-24 18:10:00,022 - root - INFO - hourly archive finished
2017-05-24 18:10:00,022 - apscheduler.executors.default - INFO - Job "App._current_timeline_jobs (trigger: cron[minute='10'], next run at: 2017-05-24 19:10:00 KST)" executed successfully
2017-05-24 19:10:00,004 - apscheduler.executors.default - INFO - Running job "App._current_timeline_jobs (trigger: cron[minute='10'], next run at: 2017-05-24 20:10:00 KST)" (scheduled at 2017-05-24 19:10:00+09:00)
2017-05-24 19:10:00,005 - root - INFO - hourly archive start
2017-05-24 19:10:00,005 - root - INFO - startdatehour=>2017052418, enddatehour=>2017052418
2017-05-24 19:10:00,024 - root - INFO - hourly archive finished
2017-05-24 19:10:00,024 - apscheduler.executors.default - INFO - Job "App._current_timeline_jobs (trigger: cron[minute='10'], next run at: 2017-05-24 20:10:00 KST)" executed successfully
2017-05-24 20:10:00,003 - apscheduler.executors.default - INFO - Running job "App._current_timeline_jobs (trigger: cron[minute='10'], next run at: 2017-05-24 21:10:00 KST)" (scheduled at 2017-05-24 20:10:00+09:00)
2017-05-24 20:10:00,004 - root - INFO - hourly archive start
2017-05-24 20:10:00,004 - root - INFO - startdatehour=>2017052419, enddatehour=>2017052419
2017-05-24 20:10:00,021 - root - INFO - hourly archive finished
2017-05-24 20:10:00,021 - apscheduler.executors.default - INFO - Job "App._current_timeline_jobs (trigger: cron[minute='10'], next run at: 2017-05-24 21:10:00 KST)" executed successfully
2017-05-24 21:10:00,003 - apscheduler.executors.default - INFO - Running job "App._current_timeline_jobs (trigger: cron[minute='10'], next run at: 2017-05-24 22:10:00 KST)" (scheduled at 2017-05-24 21:10:00+09:00)
2017-05-24 21:10:00,003 - root - INFO - hourly archive start
2017-05-24 21:10:00,004 - root - INFO - startdatehour=>2017052420, enddatehour=>2017052420
2017-05-24 21:10:00,022 - root - INFO - hourly archive finished
2017-05-24 21:10:00,022 - apscheduler.executors.default - INFO - Job "App._current_timeline_jobs (trigger: cron[minute='10'], next run at: 2017-05-24 22:10:00 KST)" executed successfully
2017-05-24 22:10:00,003 - apscheduler.executors.default - INFO - Running job "App._current_timeline_jobs (trigger: cron[minute='10'], next run at: 2017-05-24 23:10:00 KST)" (scheduled at 2017-05-24 22:10:00+09:00)
2017-05-24 22:10:00,003 - root - INFO - hourly archive start
2017-05-24 22:10:00,004 - root - INFO - startdatehour=>2017052421, enddatehour=>2017052421
2017-05-24 22:10:00,023 - root - INFO - hourly archive finished
2017-05-24 22:10:00,023 - apscheduler.executors.default - INFO - Job "App._current_timeline_jobs (trigger: cron[minute='10'], next run at: 2017-05-24 23:10:00 KST)" executed successfully
2017-05-24 23:10:00,003 - apscheduler.executors.default - INFO - Running job "App._current_timeline_jobs (trigger: cron[minute='10'], next run at: 2017-05-25 00:10:00 KST)" (scheduled at 2017-05-24 23:10:00+09:00)
2017-05-24 23:10:00,003 - root - INFO - hourly archive start
2017-05-24 23:10:00,004 - root - INFO - startdatehour=>2017052422, enddatehour=>2017052422
2017-05-24 23:10:00,022 - root - INFO - hourly archive finished
2017-05-24 23:10:00,022 - apscheduler.executors.default - INFO - Job "App._current_timeline_jobs (trigger: cron[minute='10'], next run at: 2017-05-25 00:10:00 KST)" executed successfully
2017-05-25 00:10:00,003 - apscheduler.executors.default - INFO - Running job "App._current_timeline_jobs (trigger: cron[minute='10'], next run at: 2017-05-25 01:10:00 KST)" (scheduled at 2017-05-25 00:10:00+09:00)
2017-05-25 00:10:00,004 - root - INFO - hourly archive start
2017-05-25 00:10:00,004 - root - INFO - startdatehour=>2017052423, enddatehour=>2017052423
2017-05-25 00:10:00,023 - root - INFO - hourly archive finished
2017-05-25 00:10:00,023 - apscheduler.executors.default - INFO - Job "App._current_timeline_jobs (trigger: cron[minute='10'], next run at: 2017-05-25 01:10:00 KST)" executed successfully
2017-05-25 01:00:00,003 - apscheduler.executors.default - INFO - Running job "App._past_timeline_daily_jobs (trigger: cron[hour='1', minute='0'], next run at: 2017-05-25 01:00:00 KST)" (scheduled at 2017-05-25 01:00:00+09:00)
2017-05-25 01:00:00,003 - root - INFO - daily archive start
2017-05-25 01:00:00,004 - root - INFO - startdate=>20170524, enddate=>20170524
2017-05-25 01:00:01,161 - root - INFO - daily archive finished
2017-05-25 01:00:01,162 - apscheduler.executors.default - INFO - Job "App._past_timeline_daily_jobs (trigger: cron[hour='1', minute='0'], next run at: 2017-05-26 01:00:00 KST)" executed successfully
2017-05-25 01:10:00,005 - apscheduler.executors.default - INFO - Running job "App._current_timeline_jobs (trigger: cron[minute='10'], next run at: 2017-05-25 02:10:00 KST)" (scheduled at 2017-05-25 01:10:00+09:00)
2017-05-25 01:10:00,006 - root - INFO - hourly archive start
2017-05-25 01:10:00,006 - root - INFO - startdatehour=>2017052500, enddatehour=>2017052500
2017-05-25 01:10:00,025 - root - INFO - hourly archive finished
2017-05-25 01:10:00,026 - apscheduler.executors.default - INFO - Job "App._current_timeline_jobs (trigger: cron[minute='10'], next run at: 2017-05-25 02:10:00 KST)" executed successfully
2017-05-25 02:10:00,003 - apscheduler.executors.default - INFO - Running job "App._current_timeline_jobs (trigger: cron[minute='10'], next run at: 2017-05-25 03:10:00 KST)" (scheduled at 2017-05-25 02:10:00+09:00)
2017-05-25 02:10:00,004 - root - INFO - hourly archive start
2017-05-25 02:10:00,004 - root - INFO - startdatehour=>2017052501, enddatehour=>2017052501
2017-05-25 02:10:00,023 - root - INFO - hourly archive finished
2017-05-25 02:10:00,023 - apscheduler.executors.default - INFO - Job "App._current_timeline_jobs (trigger: cron[minute='10'], next run at: 2017-05-25 03:10:00 KST)" executed successfully
2017-05-25 03:10:00,002 - apscheduler.executors.default - INFO - Running job "App._current_timeline_jobs (trigger: cron[minute='10'], next run at: 2017-05-25 04:10:00 KST)" (scheduled at 2017-05-25 03:10:00+09:00)
2017-05-25 03:10:00,004 - root - INFO - hourly archive start
2017-05-25 03:10:00,004 - root - INFO - startdatehour=>2017052502, enddatehour=>2017052502
2017-05-25 03:10:00,021 - root - INFO - hourly archive finished
2017-05-25 03:10:00,021 - apscheduler.executors.default - INFO - Job "App._current_timeline_jobs (trigger: cron[minute='10'], next run at: 2017-05-25 04:10:00 KST)" executed successfully
2017-05-25 04:10:00,004 - apscheduler.executors.default - INFO - Running job "App._current_timeline_jobs (trigger: cron[minute='10'], next run at: 2017-05-25 05:10:00 KST)" (scheduled at 2017-05-25 04:10:00+09:00)
2017-05-25 04:10:00,004 - root - INFO - hourly archive start
2017-05-25 04:10:00,005 - root - INFO - startdatehour=>2017052503, enddatehour=>2017052503
2017-05-25 04:10:00,023 - root - INFO - hourly archive finished
2017-05-25 04:10:00,024 - apscheduler.executors.default - INFO - Job "App._current_timeline_jobs (trigger: cron[minute='10'], next run at: 2017-05-25 05:10:00 KST)" executed successfully
2017-05-25 05:10:00,003 - apscheduler.executors.default - INFO - Running job "App._current_timeline_jobs (trigger: cron[minute='10'], next run at: 2017-05-25 06:10:00 KST)" (scheduled at 2017-05-25 05:10:00+09:00)
2017-05-25 05:10:00,003 - root - INFO - hourly archive start
2017-05-25 05:10:00,004 - root - INFO - startdatehour=>2017052504, enddatehour=>2017052504
2017-05-25 05:10:00,021 - root - INFO - hourly archive finished
2017-05-25 05:10:00,021 - apscheduler.executors.default - INFO - Job "App._current_timeline_jobs (trigger: cron[minute='10'], next run at: 2017-05-25 06:10:00 KST)" executed successfully
2017-05-25 06:10:00,003 - apscheduler.executors.default - INFO - Running job "App._current_timeline_jobs (trigger: cron[minute='10'], next run at: 2017-05-25 07:10:00 KST)" (scheduled at 2017-05-25 06:10:00+09:00)
2017-05-25 06:10:00,003 - root - INFO - hourly archive start
2017-05-25 06:10:00,004 - root - INFO - startdatehour=>2017052505, enddatehour=>2017052505
2017-05-25 06:10:00,022 - root - INFO - hourly archive finished
2017-05-25 06:10:00,022 - apscheduler.executors.default - INFO - Job "App._current_timeline_jobs (trigger: cron[minute='10'], next run at: 2017-05-25 07:10:00 KST)" executed successfully
2017-05-25 07:10:00,003 - apscheduler.executors.default - INFO - Running job "App._current_timeline_jobs (trigger: cron[minute='10'], next run at: 2017-05-25 08:10:00 KST)" (scheduled at 2017-05-25 07:10:00+09:00)
2017-05-25 07:10:00,003 - root - INFO - hourly archive start
2017-05-25 07:10:00,004 - root - INFO - startdatehour=>2017052506, enddatehour=>2017052506
2017-05-25 07:10:00,022 - root - INFO - hourly archive finished
2017-05-25 07:10:00,022 - apscheduler.executors.default - INFO - Job "App._current_timeline_jobs (trigger: cron[minute='10'], next run at: 2017-05-25 08:10:00 KST)" executed successfully
2017-05-25 08:10:00,003 - apscheduler.executors.default - INFO - Running job "App._current_timeline_jobs (trigger: cron[minute='10'], next run at: 2017-05-25 09:10:00 KST)" (scheduled at 2017-05-25 08:10:00+09:00)
2017-05-25 08:10:00,004 - root - INFO - hourly archive start
2017-05-25 08:10:00,005 - root - INFO - startdatehour=>2017052507, enddatehour=>2017052507
2017-05-25 08:10:00,022 - root - INFO - hourly archive finished
2017-05-25 08:10:00,022 - apscheduler.executors.default - INFO - Job "App._current_timeline_jobs (trigger: cron[minute='10'], next run at: 2017-05-25 09:10:00 KST)" executed successfully
2017-05-25 09:10:00,003 - apscheduler.executors.default - INFO - Running job "App._current_timeline_jobs (trigger: cron[minute='10'], next run at: 2017-05-25 10:10:00 KST)" (scheduled at 2017-05-25 09:10:00+09:00)
2017-05-25 09:10:00,004 - root - INFO - hourly archive start
2017-05-25 09:10:00,005 - root - INFO - startdatehour=>2017052508, enddatehour=>2017052508
2017-05-25 09:10:00,024 - root - INFO - hourly archive finished
2017-05-25 09:10:00,024 - apscheduler.executors.default - INFO - Job "App._current_timeline_jobs (trigger: cron[minute='10'], next run at: 2017-05-25 10:10:00 KST)" executed successfully
2017-05-25 10:10:00,003 - apscheduler.executors.default - INFO - Running job "App._current_timeline_jobs (trigger: cron[minute='10'], next run at: 2017-05-25 11:10:00 KST)" (scheduled at 2017-05-25 10:10:00+09:00)
2017-05-25 10:10:00,003 - root - INFO - hourly archive start
2017-05-25 10:10:00,004 - root - INFO - startdatehour=>2017052509, enddatehour=>2017052509
2017-05-25 10:10:00,022 - root - INFO - hourly archive finished
2017-05-25 10:10:00,023 - apscheduler.executors.default - INFO - Job "App._current_timeline_jobs (trigger: cron[minute='10'], next run at: 2017-05-25 11:10:00 KST)" executed successfully
2017-05-25 11:10:00,003 - apscheduler.executors.default - INFO - Running job "App._current_timeline_jobs (trigger: cron[minute='10'], next run at: 2017-05-25 12:10:00 KST)" (scheduled at 2017-05-25 11:10:00+09:00)
2017-05-25 11:10:00,004 - root - INFO - hourly archive start
2017-05-25 11:10:00,004 - root - INFO - startdatehour=>2017052510, enddatehour=>2017052510
2017-05-25 11:10:00,022 - root - INFO - hourly archive finished
2017-05-25 11:10:00,022 - apscheduler.executors.default - INFO - Job "App._current_timeline_jobs (trigger: cron[minute='10'], next run at: 2017-05-25 12:10:00 KST)" executed successfully
2017-05-25 12:10:00,004 - apscheduler.executors.default - INFO - Running job "App._current_timeline_jobs (trigger: cron[minute='10'], next run at: 2017-05-25 13:10:00 KST)" (scheduled at 2017-05-25 12:10:00+09:00)
2017-05-25 12:10:00,004 - root - INFO - hourly archive start
2017-05-25 12:10:00,005 - root - INFO - startdatehour=>2017052511, enddatehour=>2017052511
2017-05-25 12:10:00,023 - root - INFO - hourly archive finished
2017-05-25 12:10:00,023 - apscheduler.executors.default - INFO - Job "App._current_timeline_jobs (trigger: cron[minute='10'], next run at: 2017-05-25 13:10:00 KST)" executed successfully
2017-05-25 13:10:00,002 - apscheduler.executors.default - INFO - Running job "App._current_timeline_jobs (trigger: cron[minute='10'], next run at: 2017-05-25 13:10:00 KST)" (scheduled at 2017-05-25 13:10:00+09:00)
2017-05-25 13:10:00,003 - root - INFO - hourly archive start
2017-05-25 13:10:00,003 - root - INFO - startdatehour=>2017052512, enddatehour=>2017052512
2017-05-25 13:10:00,021 - root - INFO - hourly archive finished
2017-05-25 13:10:00,021 - apscheduler.executors.default - INFO - Job "App._current_timeline_jobs (trigger: cron[minute='10'], next run at: 2017-05-25 14:10:00 KST)" executed successfully
2017-05-25 14:10:00,004 - apscheduler.executors.default - INFO - Running job "App._current_timeline_jobs (trigger: cron[minute='10'], next run at: 2017-05-25 15:10:00 KST)" (scheduled at 2017-05-25 14:10:00+09:00)
2017-05-25 14:10:00,005 - root - INFO - hourly archive start
2017-05-25 14:10:00,006 - root - INFO - startdatehour=>2017052513, enddatehour=>2017052513
2017-05-25 14:10:00,024 - root - INFO - hourly archive finished
2017-05-25 14:10:00,024 - apscheduler.executors.default - INFO - Job "App._current_timeline_jobs (trigger: cron[minute='10'], next run at: 2017-05-25 15:10:00 KST)" executed successfully
2017-05-25 15:10:00,003 - apscheduler.executors.default - INFO - Running job "App._current_timeline_jobs (trigger: cron[minute='10'], next run at: 2017-05-25 16:10:00 KST)" (scheduled at 2017-05-25 15:10:00+09:00)
2017-05-25 15:10:00,003 - root - INFO - hourly archive start
2017-05-25 15:10:00,004 - root - INFO - startdatehour=>2017052514, enddatehour=>2017052514
2017-05-25 15:10:00,020 - root - INFO - hourly archive finished
2017-05-25 15:10:00,020 - apscheduler.executors.default - INFO - Job "App._current_timeline_jobs (trigger: cron[minute='10'], next run at: 2017-05-25 16:10:00 KST)" executed successfully
2017-05-25 16:10:00,002 - apscheduler.executors.default - INFO - Running job "App._current_timeline_jobs (trigger: cron[minute='10'], next run at: 2017-05-25 17:10:00 KST)" (scheduled at 2017-05-25 16:10:00+09:00)
2017-05-25 16:10:00,003 - root - INFO - hourly archive start
2017-05-25 16:10:00,004 - root - INFO - startdatehour=>2017052515, enddatehour=>2017052515
2017-05-25 16:10:00,021 - root - INFO - hourly archive finished
2017-05-25 16:10:00,021 - apscheduler.executors.default - INFO - Job "App._current_timeline_jobs (trigger: cron[minute='10'], next run at: 2017-05-25 17:10:00 KST)" executed successfully
2017-05-25 17:10:00,003 - apscheduler.executors.default - INFO - Running job "App._current_timeline_jobs (trigger: cron[minute='10'], next run at: 2017-05-25 18:10:00 KST)" (scheduled at 2017-05-25 17:10:00+09:00)
2017-05-25 17:10:00,004 - root - INFO - hourly archive start
2017-05-25 17:10:00,004 - root - INFO - startdatehour=>2017052516, enddatehour=>2017052516
2017-05-25 17:10:00,021 - root - INFO - hourly archive finished
2017-05-25 17:10:00,022 - apscheduler.executors.default - INFO - Job "App._current_timeline_jobs (trigger: cron[minute='10'], next run at: 2017-05-25 18:10:00 KST)" executed successfully
2017-05-25 18:10:00,003 - apscheduler.executors.default - INFO - Running job "App._current_timeline_jobs (trigger: cron[minute='10'], next run at: 2017-05-25 19:10:00 KST)" (scheduled at 2017-05-25 18:10:00+09:00)
2017-05-25 18:10:00,004 - root - INFO - hourly archive start
2017-05-25 18:10:00,004 - root - INFO - startdatehour=>2017052517, enddatehour=>2017052517
2017-05-25 18:10:00,022 - root - INFO - hourly archive finished
2017-05-25 18:10:00,022 - apscheduler.executors.default - INFO - Job "App._current_timeline_jobs (trigger: cron[minute='10'], next run at: 2017-05-25 19:10:00 KST)" executed successfully
2017-05-25 19:10:00,003 - apscheduler.executors.default - INFO - Running job "App._current_timeline_jobs (trigger: cron[minute='10'], next run at: 2017-05-25 20:10:00 KST)" (scheduled at 2017-05-25 19:10:00+09:00)
2017-05-25 19:10:00,004 - root - INFO - hourly archive start
2017-05-25 19:10:00,004 - root - INFO - startdatehour=>2017052518, enddatehour=>2017052518
2017-05-25 19:10:00,023 - root - INFO - hourly archive finished
2017-05-25 19:10:00,023 - apscheduler.executors.default - INFO - Job "App._current_timeline_jobs (trigger: cron[minute='10'], next run at: 2017-05-25 20:10:00 KST)" executed successfully
2017-05-25 20:10:00,003 - apscheduler.executors.default - INFO - Running job "App._current_timeline_jobs (trigger: cron[minute='10'], next run at: 2017-05-25 21:10:00 KST)" (scheduled at 2017-05-25 20:10:00+09:00)
2017-05-25 20:10:00,004 - root - INFO - hourly archive start
2017-05-25 20:10:00,004 - root - INFO - startdatehour=>2017052519, enddatehour=>2017052519
2017-05-25 20:10:00,020 - root - INFO - hourly archive finished
2017-05-25 20:10:00,020 - apscheduler.executors.default - INFO - Job "App._current_timeline_jobs (trigger: cron[minute='10'], next run at: 2017-05-25 21:10:00 KST)" executed successfully
2017-05-25 21:10:00,003 - apscheduler.executors.default - INFO - Running job "App._current_timeline_jobs (trigger: cron[minute='10'], next run at: 2017-05-25 22:10:00 KST)" (scheduled at 2017-05-25 21:10:00+09:00)
2017-05-25 21:10:00,004 - root - INFO - hourly archive start
2017-05-25 21:10:00,004 - root - INFO - startdatehour=>2017052520, enddatehour=>2017052520
2017-05-25 21:10:00,023 - root - INFO - hourly archive finished
2017-05-25 21:10:00,023 - apscheduler.executors.default - INFO - Job "App._current_timeline_jobs (trigger: cron[minute='10'], next run at: 2017-05-25 22:10:00 KST)" executed successfully
2017-05-25 22:10:00,003 - apscheduler.executors.default - INFO - Running job "App._current_timeline_jobs (trigger: cron[minute='10'], next run at: 2017-05-25 23:10:00 KST)" (scheduled at 2017-05-25 22:10:00+09:00)
2017-05-25 22:10:00,003 - root - INFO - hourly archive start
2017-05-25 22:10:00,004 - root - INFO - startdatehour=>2017052521, enddatehour=>2017052521
2017-05-25 22:10:00,019 - root - INFO - hourly archive finished
2017-05-25 22:10:00,019 - apscheduler.executors.default - INFO - Job "App._current_timeline_jobs (trigger: cron[minute='10'], next run at: 2017-05-25 23:10:00 KST)" executed successfully
2017-05-25 23:10:00,002 - apscheduler.executors.default - INFO - Running job "App._current_timeline_jobs (trigger: cron[minute='10'], next run at: 2017-05-25 23:10:00 KST)" (scheduled at 2017-05-25 23:10:00+09:00)
2017-05-25 23:10:00,004 - root - INFO - hourly archive start
2017-05-25 23:10:00,004 - root - INFO - startdatehour=>2017052522, enddatehour=>2017052522
2017-05-25 23:10:00,021 - root - INFO - hourly archive finished
2017-05-25 23:10:00,022 - apscheduler.executors.default - INFO - Job "App._current_timeline_jobs (trigger: cron[minute='10'], next run at: 2017-05-26 00:10:00 KST)" executed successfully
2017-05-26 00:10:00,003 - apscheduler.executors.default - INFO - Running job "App._current_timeline_jobs (trigger: cron[minute='10'], next run at: 2017-05-26 01:10:00 KST)" (scheduled at 2017-05-26 00:10:00+09:00)
2017-05-26 00:10:00,004 - root - INFO - hourly archive start
2017-05-26 00:10:00,004 - root - INFO - startdatehour=>2017052523, enddatehour=>2017052523
2017-05-26 00:10:00,020 - root - INFO - hourly archive finished
2017-05-26 00:10:00,020 - apscheduler.executors.default - INFO - Job "App._current_timeline_jobs (trigger: cron[minute='10'], next run at: 2017-05-26 01:10:00 KST)" executed successfully
2017-05-26 01:00:00,003 - apscheduler.executors.default - INFO - Running job "App._past_timeline_daily_jobs (trigger: cron[hour='1', minute='0'], next run at: 2017-05-27 01:00:00 KST)" (scheduled at 2017-05-26 01:00:00+09:00)
2017-05-26 01:00:00,004 - root - INFO - daily archive start
2017-05-26 01:00:00,004 - root - INFO - startdate=>20170525, enddate=>20170525
2017-05-26 01:00:00,889 - root - INFO - daily archive finished
2017-05-26 01:00:00,889 - apscheduler.executors.default - INFO - Job "App._past_timeline_daily_jobs (trigger: cron[hour='1', minute='0'], next run at: 2017-05-27 01:00:00 KST)" executed successfully
2017-05-26 01:10:00,003 - apscheduler.executors.default - INFO - Running job "App._current_timeline_jobs (trigger: cron[minute='10'], next run at: 2017-05-26 02:10:00 KST)" (scheduled at 2017-05-26 01:10:00+09:00)
2017-05-26 01:10:00,004 - root - INFO - hourly archive start
2017-05-26 01:10:00,004 - root - INFO - startdatehour=>2017052600, enddatehour=>2017052600
2017-05-26 01:10:00,021 - root - INFO - hourly archive finished
2017-05-26 01:10:00,022 - apscheduler.executors.default - INFO - Job "App._current_timeline_jobs (trigger: cron[minute='10'], next run at: 2017-05-26 02:10:00 KST)" executed successfully
2017-05-26 02:10:00,003 - apscheduler.executors.default - INFO - Running job "App._current_timeline_jobs (trigger: cron[minute='10'], next run at: 2017-05-26 03:10:00 KST)" (scheduled at 2017-05-26 02:10:00+09:00)
2017-05-26 02:10:00,004 - root - INFO - hourly archive start
2017-05-26 02:10:00,005 - root - INFO - startdatehour=>2017052601, enddatehour=>2017052601
2017-05-26 02:10:00,023 - root - INFO - hourly archive finished
2017-05-26 02:10:00,024 - apscheduler.executors.default - INFO - Job "App._current_timeline_jobs (trigger: cron[minute='10'], next run at: 2017-05-26 03:10:00 KST)" executed successfully
2017-05-26 03:10:00,002 - apscheduler.executors.default - INFO - Running job "App._current_timeline_jobs (trigger: cron[minute='10'], next run at: 2017-05-26 03:10:00 KST)" (scheduled at 2017-05-26 03:10:00+09:00)
2017-05-26 03:10:00,003 - root - INFO - hourly archive start
2017-05-26 03:10:00,003 - root - INFO - startdatehour=>2017052602, enddatehour=>2017052602
2017-05-26 03:10:00,022 - root - INFO - hourly archive finished
2017-05-26 03:10:00,023 - apscheduler.executors.default - INFO - Job "App._current_timeline_jobs (trigger: cron[minute='10'], next run at: 2017-05-26 04:10:00 KST)" executed successfully
2017-05-26 04:10:00,005 - apscheduler.executors.default - INFO - Running job "App._current_timeline_jobs (trigger: cron[minute='10'], next run at: 2017-05-26 05:10:00 KST)" (scheduled at 2017-05-26 04:10:00+09:00)
2017-05-26 04:10:00,006 - root - INFO - hourly archive start
2017-05-26 04:10:00,006 - root - INFO - startdatehour=>2017052603, enddatehour=>2017052603
2017-05-26 04:10:00,026 - root - INFO - hourly archive finished
2017-05-26 04:10:00,026 - apscheduler.executors.default - INFO - Job "App._current_timeline_jobs (trigger: cron[minute='10'], next run at: 2017-05-26 05:10:00 KST)" executed successfully
2017-05-26 05:10:00,003 - apscheduler.executors.default - INFO - Running job "App._current_timeline_jobs (trigger: cron[minute='10'], next run at: 2017-05-26 06:10:00 KST)" (scheduled at 2017-05-26 05:10:00+09:00)
2017-05-26 05:10:00,003 - root - INFO - hourly archive start
2017-05-26 05:10:00,004 - root - INFO - startdatehour=>2017052604, enddatehour=>2017052604
2017-05-26 05:10:00,022 - root - INFO - hourly archive finished
2017-05-26 05:10:00,022 - apscheduler.executors.default - INFO - Job "App._current_timeline_jobs (trigger: cron[minute='10'], next run at: 2017-05-26 06:10:00 KST)" executed successfully
2017-05-26 06:10:00,002 - apscheduler.executors.default - INFO - Running job "App._current_timeline_jobs (trigger: cron[minute='10'], next run at: 2017-05-26 06:10:00 KST)" (scheduled at 2017-05-26 06:10:00+09:00)
2017-05-26 06:10:00,003 - root - INFO - hourly archive start
2017-05-26 06:10:00,004 - root - INFO - startdatehour=>2017052605, enddatehour=>2017052605
2017-05-26 06:10:00,022 - root - INFO - hourly archive finished
2017-05-26 06:10:00,023 - apscheduler.executors.default - INFO - Job "App._current_timeline_jobs (trigger: cron[minute='10'], next run at: 2017-05-26 07:10:00 KST)" executed successfully
2017-05-26 07:10:00,004 - apscheduler.executors.default - INFO - Running job "App._current_timeline_jobs (trigger: cron[minute='10'], next run at: 2017-05-26 08:10:00 KST)" (scheduled at 2017-05-26 07:10:00+09:00)
2017-05-26 07:10:00,005 - root - INFO - hourly archive start
2017-05-26 07:10:00,005 - root - INFO - startdatehour=>2017052606, enddatehour=>2017052606
2017-05-26 07:10:00,023 - root - INFO - hourly archive finished
2017-05-26 07:10:00,024 - apscheduler.executors.default - INFO - Job "App._current_timeline_jobs (trigger: cron[minute='10'], next run at: 2017-05-26 08:10:00 KST)" executed successfully
2017-05-26 08:10:00,003 - apscheduler.executors.default - INFO - Running job "App._current_timeline_jobs (trigger: cron[minute='10'], next run at: 2017-05-26 09:10:00 KST)" (scheduled at 2017-05-26 08:10:00+09:00)
2017-05-26 08:10:00,004 - root - INFO - hourly archive start
2017-05-26 08:10:00,005 - root - INFO - startdatehour=>2017052607, enddatehour=>2017052607
2017-05-26 08:10:00,022 - root - INFO - hourly archive finished
2017-05-26 08:10:00,023 - apscheduler.executors.default - INFO - Job "App._current_timeline_jobs (trigger: cron[minute='10'], next run at: 2017-05-26 09:10:00 KST)" executed successfully
2017-05-26 09:10:00,002 - apscheduler.executors.default - INFO - Running job "App._current_timeline_jobs (trigger: cron[minute='10'], next run at: 2017-05-26 09:10:00 KST)" (scheduled at 2017-05-26 09:10:00+09:00)
2017-05-26 09:10:00,004 - root - INFO - hourly archive start
2017-05-26 09:10:00,004 - root - INFO - startdatehour=>2017052608, enddatehour=>2017052608
2017-05-26 09:10:00,023 - root - INFO - hourly archive finished
2017-05-26 09:10:00,023 - apscheduler.executors.default - INFO - Job "App._current_timeline_jobs (trigger: cron[minute='10'], next run at: 2017-05-26 10:10:00 KST)" executed successfully
2017-05-26 10:10:00,005 - apscheduler.executors.default - INFO - Running job "App._current_timeline_jobs (trigger: cron[minute='10'], next run at: 2017-05-26 11:10:00 KST)" (scheduled at 2017-05-26 10:10:00+09:00)
2017-05-26 10:10:00,005 - root - INFO - hourly archive start
2017-05-26 10:10:00,006 - root - INFO - startdatehour=>2017052609, enddatehour=>2017052609
2017-05-26 10:10:00,023 - root - INFO - hourly archive finished
2017-05-26 10:10:00,023 - apscheduler.executors.default - INFO - Job "App._current_timeline_jobs (trigger: cron[minute='10'], next run at: 2017-05-26 11:10:00 KST)" executed successfully
2017-05-26 11:10:00,003 - apscheduler.executors.default - INFO - Running job "App._current_timeline_jobs (trigger: cron[minute='10'], next run at: 2017-05-26 12:10:00 KST)" (scheduled at 2017-05-26 11:10:00+09:00)
2017-05-26 11:10:00,003 - root - INFO - hourly archive start
2017-05-26 11:10:00,004 - root - INFO - startdatehour=>2017052610, enddatehour=>2017052610
2017-05-26 11:10:00,022 - root - INFO - hourly archive finished
2017-05-26 11:10:00,023 - apscheduler.executors.default - INFO - Job "App._current_timeline_jobs (trigger: cron[minute='10'], next run at: 2017-05-26 12:10:00 KST)" executed successfully
2017-05-26 12:10:00,003 - apscheduler.executors.default - INFO - Running job "App._current_timeline_jobs (trigger: cron[minute='10'], next run at: 2017-05-26 13:10:00 KST)" (scheduled at 2017-05-26 12:10:00+09:00)
2017-05-26 12:10:00,003 - root - INFO - hourly archive start
2017-05-26 12:10:00,004 - root - INFO - startdatehour=>2017052611, enddatehour=>2017052611
2017-05-26 12:10:00,020 - root - INFO - hourly archive finished
2017-05-26 12:10:00,020 - apscheduler.executors.default - INFO - Job "App._current_timeline_jobs (trigger: cron[minute='10'], next run at: 2017-05-26 13:10:00 KST)" executed successfully
2017-05-26 13:10:00,003 - apscheduler.executors.default - INFO - Running job "App._current_timeline_jobs (trigger: cron[minute='10'], next run at: 2017-05-26 14:10:00 KST)" (scheduled at 2017-05-26 13:10:00+09:00)
2017-05-26 13:10:00,003 - root - INFO - hourly archive start
2017-05-26 13:10:00,004 - root - INFO - startdatehour=>2017052612, enddatehour=>2017052612
2017-05-26 13:10:00,023 - root - INFO - hourly archive finished
2017-05-26 13:10:00,023 - apscheduler.executors.default - INFO - Job "App._current_timeline_jobs (trigger: cron[minute='10'], next run at: 2017-05-26 14:10:00 KST)" executed successfully
2017-05-26 14:10:00,003 - apscheduler.executors.default - INFO - Running job "App._current_timeline_jobs (trigger: cron[minute='10'], next run at: 2017-05-26 15:10:00 KST)" (scheduled at 2017-05-26 14:10:00+09:00)
2017-05-26 14:10:00,003 - root - INFO - hourly archive start
2017-05-26 14:10:00,004 - root - INFO - startdatehour=>2017052613, enddatehour=>2017052613
2017-05-26 14:10:00,023 - root - INFO - hourly archive finished
2017-05-26 14:10:00,023 - apscheduler.executors.default - INFO - Job "App._current_timeline_jobs (trigger: cron[minute='10'], next run at: 2017-05-26 15:10:00 KST)" executed successfully
2017-05-26 15:10:00,003 - apscheduler.executors.default - INFO - Running job "App._current_timeline_jobs (trigger: cron[minute='10'], next run at: 2017-05-26 16:10:00 KST)" (scheduled at 2017-05-26 15:10:00+09:00)
2017-05-26 15:10:00,004 - root - INFO - hourly archive start
2017-05-26 15:10:00,004 - root - INFO - startdatehour=>2017052614, enddatehour=>2017052614
2017-05-26 15:10:00,023 - root - INFO - hourly archive finished
2017-05-26 15:10:00,023 - apscheduler.executors.default - INFO - Job "App._current_timeline_jobs (trigger: cron[minute='10'], next run at: 2017-05-26 16:10:00 KST)" executed successfully
2017-05-26 16:10:00,003 - apscheduler.executors.default - INFO - Running job "App._current_timeline_jobs (trigger: cron[minute='10'], next run at: 2017-05-26 17:10:00 KST)" (scheduled at 2017-05-26 16:10:00+09:00)
2017-05-26 16:10:00,003 - root - INFO - hourly archive start
2017-05-26 16:10:00,004 - root - INFO - startdatehour=>2017052615, enddatehour=>2017052615
2017-05-26 16:10:00,021 - root - INFO - hourly archive finished
2017-05-26 16:10:00,022 - apscheduler.executors.default - INFO - Job "App._current_timeline_jobs (trigger: cron[minute='10'], next run at: 2017-05-26 17:10:00 KST)" executed successfully
2017-05-26 16:42:15,281 - root - WARNING - signal caught 15
2017-05-26 16:42:15,285 - apscheduler.scheduler - INFO - Scheduler has been shut down
2017-05-26 16:42:15,322 - root - INFO - Exit from stats. app
2017-05-29 01:47:48,436 - root - INFO - Enter to stats. app
2017-05-29 01:47:48,437 - root - INFO - register jobs started
2017-05-29 01:47:48,459 - apscheduler.scheduler - INFO - Adding job tentatively -- it will be properly scheduled when the scheduler starts
2017-05-29 01:47:48,459 - apscheduler.scheduler - INFO - Adding job tentatively -- it will be properly scheduled when the scheduler starts
2017-05-29 01:47:48,460 - apscheduler.scheduler - INFO - Adding job tentatively -- it will be properly scheduled when the scheduler starts
2017-05-29 01:47:48,460 - apscheduler.scheduler - INFO - Adding job tentatively -- it will be properly scheduled when the scheduler starts
2017-05-29 01:47:48,461 - root - INFO - register jobs finished
2017-05-29 01:47:48,461 - apscheduler.scheduler - INFO - Added job "statsmain._current_timeline_jobs" to job store "default"
2017-05-29 01:47:48,462 - apscheduler.scheduler - INFO - Added job "statsmain._past_timeline_daily_jobs" to job store "default"
2017-05-29 01:47:48,462 - apscheduler.scheduler - INFO - Added job "statsmain._past_timeline_weekly_jobs" to job store "default"
2017-05-29 01:47:48,462 - apscheduler.scheduler - INFO - Added job "statsmain._past_timeline_monthly_jobs" to job store "default"
2017-05-29 01:47:48,463 - apscheduler.scheduler - INFO - Scheduler started
2017-05-29 01:47:55,107 - root - WARNING - signal caught 15
2017-05-29 01:47:55,107 - apscheduler.scheduler - INFO - Scheduler has been shut down
2017-05-29 01:47:55,145 - root - INFO - Exit from stats. app
